{"meta": {"format": 3, "version": "7.10.7", "timestamp": "2025-10-06T12:12:19.479330", "branch_coverage": false, "show_contexts": false}, "files": {"app/__init__.py": {"executed_lines": [0], "summary": {"covered_lines": 0, "num_statements": 0, "percent_covered": 100.0, "percent_covered_display": "100", "missing_lines": 0, "excluded_lines": 0}, "missing_lines": [], "excluded_lines": [], "functions": {"": {"executed_lines": [], "summary": {"covered_lines": 0, "num_statements": 0, "percent_covered": 100.0, "percent_covered_display": "100", "missing_lines": 0, "excluded_lines": 0}, "missing_lines": [], "excluded_lines": []}}, "classes": {"": {"executed_lines": [], "summary": {"covered_lines": 0, "num_statements": 0, "percent_covered": 100.0, "percent_covered_display": "100", "missing_lines": 0, "excluded_lines": 0}, "missing_lines": [], "excluded_lines": []}}}, "app/api.py": {"executed_lines": [1, 2, 3, 4, 6, 8, 9, 10, 11, 12, 13, 14, 16, 17, 18, 19, 20, 21, 22, 24, 25, 26], "summary": {"covered_lines": 22, "num_statements": 22, "percent_covered": 100.0, "percent_covered_display": "100", "missing_lines": 0, "excluded_lines": 0}, "missing_lines": [], "excluded_lines": [], "functions": {"score": {"executed_lines": [26], "summary": {"covered_lines": 1, "num_statements": 1, "percent_covered": 100.0, "percent_covered_display": "100", "missing_lines": 0, "excluded_lines": 0}, "missing_lines": [], "excluded_lines": []}, "": {"executed_lines": [1, 2, 3, 4, 6, 8, 9, 10, 11, 12, 13, 14, 16, 17, 18, 19, 20, 21, 22, 24, 25], "summary": {"covered_lines": 21, "num_statements": 21, "percent_covered": 100.0, "percent_covered_display": "100", "missing_lines": 0, "excluded_lines": 0}, "missing_lines": [], "excluded_lines": []}}, "classes": {"Role": {"executed_lines": [], "summary": {"covered_lines": 0, "num_statements": 0, "percent_covered": 100.0, "percent_covered_display": "100", "missing_lines": 0, "excluded_lines": 0}, "missing_lines": [], "excluded_lines": []}, "Candidate": {"executed_lines": [], "summary": {"covered_lines": 0, "num_statements": 0, "percent_covered": 100.0, "percent_covered_display": "100", "missing_lines": 0, "excluded_lines": 0}, "missing_lines": [], "excluded_lines": []}, "": {"executed_lines": [1, 2, 3, 4, 6, 8, 9, 10, 11, 12, 13, 14, 16, 17, 18, 19, 20, 21, 22, 24, 25, 26], "summary": {"covered_lines": 22, "num_statements": 22, "percent_covered": 100.0, "percent_covered_display": "100", "missing_lines": 0, "excluded_lines": 0}, "missing_lines": [], "excluded_lines": []}}}, "src/jd_fit_evaluator/__init__.py": {"executed_lines": [1, 2], "summary": {"covered_lines": 2, "num_statements": 2, "percent_covered": 100.0, "percent_covered_display": "100", "missing_lines": 0, "excluded_lines": 0}, "missing_lines": [], "excluded_lines": [], "functions": {"": {"executed_lines": [1, 2], "summary": {"covered_lines": 2, "num_statements": 2, "percent_covered": 100.0, "percent_covered_display": "100", "missing_lines": 0, "excluded_lines": 0}, "missing_lines": [], "excluded_lines": []}}, "classes": {"": {"executed_lines": [1, 2], "summary": {"covered_lines": 2, "num_statements": 2, "percent_covered": 100.0, "percent_covered_display": "100", "missing_lines": 0, "excluded_lines": 0}, "missing_lines": [], "excluded_lines": []}}}, "src/jd_fit_evaluator/api.py": {"executed_lines": [1, 3, 4, 5, 6, 8, 20, 21, 22, 23, 25], "summary": {"covered_lines": 11, "num_statements": 11, "percent_covered": 100.0, "percent_covered_display": "100", "missing_lines": 0, "excluded_lines": 0}, "missing_lines": [], "excluded_lines": [], "functions": {"": {"executed_lines": [1, 3, 4, 5, 6, 8, 20, 21, 22, 23, 25], "summary": {"covered_lines": 11, "num_statements": 11, "percent_covered": 100.0, "percent_covered_display": "100", "missing_lines": 0, "excluded_lines": 0}, "missing_lines": [], "excluded_lines": []}}, "classes": {"ScoreRequest": {"executed_lines": [], "summary": {"covered_lines": 0, "num_statements": 0, "percent_covered": 100.0, "percent_covered_display": "100", "missing_lines": 0, "excluded_lines": 0}, "missing_lines": [], "excluded_lines": []}, "ScoreResponse": {"executed_lines": [], "summary": {"covered_lines": 0, "num_statements": 0, "percent_covered": 100.0, "percent_covered_display": "100", "missing_lines": 0, "excluded_lines": 0}, "missing_lines": [], "excluded_lines": []}, "": {"executed_lines": [1, 3, 4, 5, 6, 8, 20, 21, 22, 23, 25], "summary": {"covered_lines": 11, "num_statements": 11, "percent_covered": 100.0, "percent_covered_display": "100", "missing_lines": 0, "excluded_lines": 0}, "missing_lines": [], "excluded_lines": []}}}, "src/jd_fit_evaluator/cli.py": {"executed_lines": [1, 2, 3, 4, 5, 6, 7, 8, 9, 12, 26, 29, 32, 33, 34, 35, 38, 40, 41, 42, 43, 44, 45, 46, 47, 48, 55, 57, 58, 59, 61, 62, 138, 139, 144, 145, 150, 151, 156, 157, 169, 170, 237, 238, 268, 269, 275, 276, 278, 280, 282, 283, 284, 320], "summary": {"covered_lines": 54, "num_statements": 206, "percent_covered": 26.21359223300971, "percent_covered_display": "26", "missing_lines": 152, "excluded_lines": 0}, "missing_lines": [36, 72, 73, 74, 76, 77, 80, 81, 82, 83, 85, 86, 88, 89, 90, 93, 94, 95, 96, 97, 98, 101, 102, 104, 105, 107, 108, 109, 112, 114, 115, 116, 119, 120, 121, 122, 123, 124, 125, 126, 127, 128, 129, 131, 132, 133, 134, 135, 136, 141, 142, 147, 148, 152, 153, 154, 158, 159, 160, 161, 162, 163, 164, 165, 166, 167, 179, 180, 182, 183, 184, 186, 187, 190, 191, 192, 193, 196, 197, 198, 199, 201, 202, 203, 204, 205, 206, 207, 208, 209, 211, 212, 215, 216, 218, 219, 220, 223, 224, 225, 226, 227, 228, 229, 230, 231, 232, 233, 234, 235, 244, 245, 248, 249, 250, 252, 253, 254, 255, 256, 258, 259, 260, 261, 262, 263, 264, 265, 266, 287, 288, 289, 290, 291, 293, 294, 295, 296, 297, 298, 299, 302, 307, 308, 310, 312, 313, 315, 316, 317, 318, 321], "excluded_lines": [], "functions": {"load_sample_candidate": {"executed_lines": [32, 33, 34, 35], "summary": {"covered_lines": 4, "num_statements": 5, "percent_covered": 80.0, "percent_covered_display": "80", "missing_lines": 1, "excluded_lines": 0}, "missing_lines": [36], "excluded_lines": []}, "load_role_from_jd": {"executed_lines": [40, 41, 42, 43, 44, 45, 46, 47, 48, 55], "summary": {"covered_lines": 10, "num_statements": 10, "percent_covered": 100.0, "percent_covered_display": "100", "missing_lines": 0, "excluded_lines": 0}, "missing_lines": [], "excluded_lines": []}, "_root": {"executed_lines": [59], "summary": {"covered_lines": 1, "num_statements": 1, "percent_covered": 100.0, "percent_covered_display": "100", "missing_lines": 0, "excluded_lines": 0}, "missing_lines": [], "excluded_lines": []}, "score": {"executed_lines": [], "summary": {"covered_lines": 0, "num_statements": 48, "percent_covered": 0.0, "percent_covered_display": "0", "missing_lines": 48, "excluded_lines": 0}, "missing_lines": [72, 73, 74, 76, 77, 80, 81, 82, 83, 85, 86, 88, 89, 90, 93, 94, 95, 96, 97, 98, 101, 102, 104, 105, 107, 108, 109, 112, 114, 115, 116, 119, 120, 121, 122, 123, 124, 125, 126, 127, 128, 129, 131, 132, 133, 134, 135, 136], "excluded_lines": []}, "migrate_schema": {"executed_lines": [], "summary": {"covered_lines": 0, "num_statements": 2, "percent_covered": 0.0, "percent_covered_display": "0", "missing_lines": 2, "excluded_lines": 0}, "missing_lines": [141, 142], "excluded_lines": []}, "ui": {"executed_lines": [], "summary": {"covered_lines": 0, "num_statements": 2, "percent_covered": 0.0, "percent_covered_display": "0", "missing_lines": 2, "excluded_lines": 0}, "missing_lines": [147, 148], "excluded_lines": []}, "rename": {"executed_lines": [], "summary": {"covered_lines": 0, "num_statements": 3, "percent_covered": 0.0, "percent_covered_display": "0", "missing_lines": 3, "excluded_lines": 0}, "missing_lines": [152, 153, 154], "excluded_lines": []}, "parse": {"executed_lines": [], "summary": {"covered_lines": 0, "num_statements": 10, "percent_covered": 0.0, "percent_covered_display": "0", "missing_lines": 10, "excluded_lines": 0}, "missing_lines": [158, 159, 160, 161, 162, 163, 164, 165, 166, 167], "excluded_lines": []}, "pipeline": {"executed_lines": [], "summary": {"covered_lines": 0, "num_statements": 44, "percent_covered": 0.0, "percent_covered_display": "0", "missing_lines": 44, "excluded_lines": 0}, "missing_lines": [179, 180, 182, 183, 184, 186, 187, 190, 191, 192, 193, 196, 197, 198, 199, 201, 202, 203, 204, 205, 206, 207, 208, 209, 211, 212, 215, 216, 218, 219, 220, 223, 224, 225, 226, 227, 228, 229, 230, 231, 232, 233, 234, 235], "excluded_lines": []}, "ingest_manifest": {"executed_lines": [], "summary": {"covered_lines": 0, "num_statements": 19, "percent_covered": 0.0, "percent_covered_display": "0", "missing_lines": 19, "excluded_lines": 0}, "missing_lines": [244, 245, 248, 249, 250, 252, 253, 254, 255, 256, 258, 259, 260, 261, 262, 263, 264, 265, 266], "excluded_lines": []}, "train": {"executed_lines": [275, 276, 278, 280, 282, 283, 284], "summary": {"covered_lines": 7, "num_statements": 29, "percent_covered": 24.137931034482758, "percent_covered_display": "24", "missing_lines": 22, "excluded_lines": 0}, "missing_lines": [287, 288, 289, 290, 291, 293, 294, 295, 296, 297, 298, 299, 302, 307, 308, 310, 312, 313, 315, 316, 317, 318], "excluded_lines": []}, "": {"executed_lines": [1, 2, 3, 4, 5, 6, 7, 8, 9, 12, 26, 29, 38, 57, 58, 61, 62, 138, 139, 144, 145, 150, 151, 156, 157, 169, 170, 237, 238, 268, 269, 320], "summary": {"covered_lines": 32, "num_statements": 33, "percent_covered": 96.96969696969697, "percent_covered_display": "97", "missing_lines": 1, "excluded_lines": 0}, "missing_lines": [321], "excluded_lines": []}}, "classes": {"": {"executed_lines": [1, 2, 3, 4, 5, 6, 7, 8, 9, 12, 26, 29, 32, 33, 34, 35, 38, 40, 41, 42, 43, 44, 45, 46, 47, 48, 55, 57, 58, 59, 61, 62, 138, 139, 144, 145, 150, 151, 156, 157, 169, 170, 237, 238, 268, 269, 275, 276, 278, 280, 282, 283, 284, 320], "summary": {"covered_lines": 54, "num_statements": 206, "percent_covered": 26.21359223300971, "percent_covered_display": "26", "missing_lines": 152, "excluded_lines": 0}, "missing_lines": [36, 72, 73, 74, 76, 77, 80, 81, 82, 83, 85, 86, 88, 89, 90, 93, 94, 95, 96, 97, 98, 101, 102, 104, 105, 107, 108, 109, 112, 114, 115, 116, 119, 120, 121, 122, 123, 124, 125, 126, 127, 128, 129, 131, 132, 133, 134, 135, 136, 141, 142, 147, 148, 152, 153, 154, 158, 159, 160, 161, 162, 163, 164, 165, 166, 167, 179, 180, 182, 183, 184, 186, 187, 190, 191, 192, 193, 196, 197, 198, 199, 201, 202, 203, 204, 205, 206, 207, 208, 209, 211, 212, 215, 216, 218, 219, 220, 223, 224, 225, 226, 227, 228, 229, 230, 231, 232, 233, 234, 235, 244, 245, 248, 249, 250, 252, 253, 254, 255, 256, 258, 259, 260, 261, 262, 263, 264, 265, 266, 287, 288, 289, 290, 291, 293, 294, 295, 296, 297, 298, 299, 302, 307, 308, 310, 312, 313, 315, 316, 317, 318, 321], "excluded_lines": []}}}, "src/jd_fit_evaluator/config.py": {"executed_lines": [1, 2, 3, 4, 6, 7, 8, 9, 10, 11, 13, 14, 15, 16, 17, 18, 20, 21, 22, 23, 24, 25, 27, 29, 32, 40, 44, 47, 49, 50, 51, 52, 53, 55, 64, 67, 68, 71, 72, 73, 74, 77, 78, 79, 81, 85], "summary": {"covered_lines": 46, "num_statements": 54, "percent_covered": 85.18518518518519, "percent_covered_display": "85", "missing_lines": 8, "excluded_lines": 0}, "missing_lines": [33, 34, 35, 36, 37, 41, 45, 83], "excluded_lines": [], "functions": {"AppConfig.__init__": {"executed_lines": [29, 32, 40, 44, 47], "summary": {"covered_lines": 5, "num_statements": 12, "percent_covered": 41.666666666666664, "percent_covered_display": "42", "missing_lines": 7, "excluded_lines": 0}, "missing_lines": [33, 34, 35, 36, 37, 41, 45], "excluded_lines": []}, "AppConfig.ensure_out_dir": {"executed_lines": [52, 53], "summary": {"covered_lines": 2, "num_statements": 2, "percent_covered": 100.0, "percent_covered_display": "100", "missing_lines": 0, "excluded_lines": 0}, "missing_lines": [], "excluded_lines": []}, "LegacySettings.__init__": {"executed_lines": [79], "summary": {"covered_lines": 1, "num_statements": 1, "percent_covered": 100.0, "percent_covered_display": "100", "missing_lines": 0, "excluded_lines": 0}, "missing_lines": [], "excluded_lines": []}, "LegacySettings.__getattr__": {"executed_lines": [], "summary": {"covered_lines": 0, "num_statements": 1, "percent_covered": 0.0, "percent_covered_display": "0", "missing_lines": 1, "excluded_lines": 0}, "missing_lines": [83], "excluded_lines": []}, "": {"executed_lines": [1, 2, 3, 4, 6, 7, 8, 9, 10, 11, 13, 14, 15, 16, 17, 18, 20, 21, 22, 23, 24, 25, 27, 49, 50, 51, 55, 64, 67, 68, 71, 72, 73, 74, 77, 78, 81, 85], "summary": {"covered_lines": 38, "num_statements": 38, "percent_covered": 100.0, "percent_covered_display": "100", "missing_lines": 0, "excluded_lines": 0}, "missing_lines": [], "excluded_lines": []}}, "classes": {"EmbeddingConfig": {"executed_lines": [], "summary": {"covered_lines": 0, "num_statements": 0, "percent_covered": 100.0, "percent_covered_display": "100", "missing_lines": 0, "excluded_lines": 0}, "missing_lines": [], "excluded_lines": []}, "LLMConfig": {"executed_lines": [], "summary": {"covered_lines": 0, "num_statements": 0, "percent_covered": 100.0, "percent_covered_display": "100", "missing_lines": 0, "excluded_lines": 0}, "missing_lines": [], "excluded_lines": []}, "AppConfig": {"executed_lines": [29, 32, 40, 44, 47, 52, 53], "summary": {"covered_lines": 7, "num_statements": 14, "percent_covered": 50.0, "percent_covered_display": "50", "missing_lines": 7, "excluded_lines": 0}, "missing_lines": [33, 34, 35, 36, 37, 41, 45], "excluded_lines": []}, "LegacySettings": {"executed_lines": [79], "summary": {"covered_lines": 1, "num_statements": 2, "percent_covered": 50.0, "percent_covered_display": "50", "missing_lines": 1, "excluded_lines": 0}, "missing_lines": [83], "excluded_lines": []}, "": {"executed_lines": [1, 2, 3, 4, 6, 7, 8, 9, 10, 11, 13, 14, 15, 16, 17, 18, 20, 21, 22, 23, 24, 25, 27, 49, 50, 51, 55, 64, 67, 68, 71, 72, 73, 74, 77, 78, 81, 85], "summary": {"covered_lines": 38, "num_statements": 38, "percent_covered": 100.0, "percent_covered_display": "100", "missing_lines": 0, "excluded_lines": 0}, "missing_lines": [], "excluded_lines": []}}}, "src/jd_fit_evaluator/etl/__init__.py": {"executed_lines": [0], "summary": {"covered_lines": 0, "num_statements": 0, "percent_covered": 100.0, "percent_covered_display": "100", "missing_lines": 0, "excluded_lines": 0}, "missing_lines": [], "excluded_lines": [], "functions": {"": {"executed_lines": [], "summary": {"covered_lines": 0, "num_statements": 0, "percent_covered": 100.0, "percent_covered_display": "100", "missing_lines": 0, "excluded_lines": 0}, "missing_lines": [], "excluded_lines": []}}, "classes": {"": {"executed_lines": [], "summary": {"covered_lines": 0, "num_statements": 0, "percent_covered": 100.0, "percent_covered_display": "100", "missing_lines": 0, "excluded_lines": 0}, "missing_lines": [], "excluded_lines": []}}}, "src/jd_fit_evaluator/etl/ingestion.py": {"executed_lines": [1, 3, 5, 8, 10, 11, 13, 14, 15, 16, 17, 19, 20], "summary": {"covered_lines": 13, "num_statements": 13, "percent_covered": 100.0, "percent_covered_display": "100", "missing_lines": 0, "excluded_lines": 0}, "missing_lines": [], "excluded_lines": [], "functions": {"ingest_manifest_rows": {"executed_lines": [10, 11, 13, 14, 15, 16, 17, 19, 20], "summary": {"covered_lines": 9, "num_statements": 9, "percent_covered": 100.0, "percent_covered_display": "100", "missing_lines": 0, "excluded_lines": 0}, "missing_lines": [], "excluded_lines": []}, "": {"executed_lines": [1, 3, 5, 8], "summary": {"covered_lines": 4, "num_statements": 4, "percent_covered": 100.0, "percent_covered_display": "100", "missing_lines": 0, "excluded_lines": 0}, "missing_lines": [], "excluded_lines": []}}, "classes": {"": {"executed_lines": [1, 3, 5, 8, 10, 11, 13, 14, 15, 16, 17, 19, 20], "summary": {"covered_lines": 13, "num_statements": 13, "percent_covered": 100.0, "percent_covered_display": "100", "missing_lines": 0, "excluded_lines": 0}, "missing_lines": [], "excluded_lines": []}}}, "src/jd_fit_evaluator/etl/manifest_ingest.py": {"executed_lines": [1, 2, 3, 4, 5, 6, 7, 9, 11, 12, 13, 15, 17, 18, 21, 24, 25, 27, 28, 29, 32, 33, 37, 38, 39, 50, 53, 56, 58, 60, 73, 75, 76, 77, 79, 80, 83, 84, 85, 86, 87, 88, 91, 98, 99, 101, 103], "summary": {"covered_lines": 46, "num_statements": 60, "percent_covered": 76.66666666666667, "percent_covered_display": "77", "missing_lines": 14, "excluded_lines": 0}, "missing_lines": [19, 22, 34, 35, 40, 41, 42, 43, 45, 46, 47, 48, 51, 54], "excluded_lines": [], "functions": {"read_manifest": {"executed_lines": [17, 18, 21, 24, 25, 27, 28, 29, 32, 33, 37, 38, 39, 50, 53, 56], "summary": {"covered_lines": 16, "num_statements": 30, "percent_covered": 53.333333333333336, "percent_covered_display": "53", "missing_lines": 14, "excluded_lines": 0}, "missing_lines": [19, 22, 34, 35, 40, 41, 42, 43, 45, 46, 47, 48, 51, 54], "excluded_lines": []}, "normalize_candidate_json": {"executed_lines": [60], "summary": {"covered_lines": 1, "num_statements": 1, "percent_covered": 100.0, "percent_covered_display": "100", "missing_lines": 0, "excluded_lines": 0}, "missing_lines": [], "excluded_lines": []}, "ingest_manifest_rows": {"executed_lines": [75, 76, 77, 79, 80, 83, 84, 85, 86, 87, 88, 91, 98, 99, 101, 103], "summary": {"covered_lines": 16, "num_statements": 16, "percent_covered": 100.0, "percent_covered_display": "100", "missing_lines": 0, "excluded_lines": 0}, "missing_lines": [], "excluded_lines": []}, "": {"executed_lines": [1, 2, 3, 4, 5, 6, 7, 9, 11, 12, 13, 15, 58, 73], "summary": {"covered_lines": 13, "num_statements": 13, "percent_covered": 100.0, "percent_covered_display": "100", "missing_lines": 0, "excluded_lines": 0}, "missing_lines": [], "excluded_lines": []}}, "classes": {"ManifestIngestionError": {"executed_lines": [], "summary": {"covered_lines": 0, "num_statements": 0, "percent_covered": 100.0, "percent_covered_display": "100", "missing_lines": 0, "excluded_lines": 0}, "missing_lines": [], "excluded_lines": []}, "": {"executed_lines": [1, 2, 3, 4, 5, 6, 7, 9, 11, 12, 13, 15, 17, 18, 21, 24, 25, 27, 28, 29, 32, 33, 37, 38, 39, 50, 53, 56, 58, 60, 73, 75, 76, 77, 79, 80, 83, 84, 85, 86, 87, 88, 91, 98, 99, 101, 103], "summary": {"covered_lines": 46, "num_statements": 60, "percent_covered": 76.66666666666667, "percent_covered_display": "77", "missing_lines": 14, "excluded_lines": 0}, "missing_lines": [19, 22, 34, 35, 40, 41, 42, 43, 45, 46, 47, 48, 51, 54], "excluded_lines": []}}}, "src/jd_fit_evaluator/etl/manifest_schema.py": {"executed_lines": [1, 2, 3, 4, 5, 7, 8, 9, 10, 11, 12, 13, 15, 16, 17, 18, 21, 23, 25, 26, 27, 28, 31, 34, 35, 38, 42, 43, 47, 48, 49, 53, 55, 56, 57, 68, 69, 70, 71, 75, 78, 80, 83, 86, 87, 89, 92, 93, 95, 96, 97, 98, 99, 102], "summary": {"covered_lines": 54, "num_statements": 71, "percent_covered": 76.05633802816901, "percent_covered_display": "76", "missing_lines": 17, "excluded_lines": 0}, "missing_lines": [19, 22, 29, 39, 44, 50, 51, 58, 59, 62, 63, 64, 66, 72, 76, 100, 101], "excluded_lines": [], "functions": {"ManifestRow.validate_candidate_id": {"executed_lines": [18, 21, 23], "summary": {"covered_lines": 3, "num_statements": 5, "percent_covered": 60.0, "percent_covered_display": "60", "missing_lines": 2, "excluded_lines": 0}, "missing_lines": [19, 22], "excluded_lines": []}, "ManifestRow.validate_source_path": {"executed_lines": [28, 31, 34, 35, 38, 42, 43, 47, 48, 49, 53], "summary": {"covered_lines": 11, "num_statements": 16, "percent_covered": 68.75, "percent_covered_display": "69", "missing_lines": 5, "excluded_lines": 0}, "missing_lines": [29, 39, 44, 50, 51], "excluded_lines": []}, "ManifestRow.validate_phone": {"executed_lines": [], "summary": {"covered_lines": 0, "num_statements": 6, "percent_covered": 0.0, "percent_covered_display": "0", "missing_lines": 6, "excluded_lines": 0}, "missing_lines": [58, 59, 62, 63, 64, 66], "excluded_lines": []}, "ManifestRow.validate_name": {"executed_lines": [71, 75, 78], "summary": {"covered_lines": 3, "num_statements": 5, "percent_covered": 60.0, "percent_covered_display": "60", "missing_lines": 2, "excluded_lines": 0}, "missing_lines": [72, 76], "excluded_lines": []}, "coerce_row": {"executed_lines": [83, 86, 87, 89], "summary": {"covered_lines": 4, "num_statements": 4, "percent_covered": 100.0, "percent_covered_display": "100", "missing_lines": 0, "excluded_lines": 0}, "missing_lines": [], "excluded_lines": []}, "Manifest.validate_unique_candidate_ids": {"executed_lines": [98, 99, 102], "summary": {"covered_lines": 3, "num_statements": 5, "percent_covered": 60.0, "percent_covered_display": "60", "missing_lines": 2, "excluded_lines": 0}, "missing_lines": [100, 101], "excluded_lines": []}, "": {"executed_lines": [1, 2, 3, 4, 5, 7, 8, 9, 10, 11, 12, 13, 15, 16, 17, 25, 26, 27, 55, 56, 57, 68, 69, 70, 80, 92, 93, 95, 96, 97], "summary": {"covered_lines": 30, "num_statements": 30, "percent_covered": 100.0, "percent_covered_display": "100", "missing_lines": 0, "excluded_lines": 0}, "missing_lines": [], "excluded_lines": []}}, "classes": {"ManifestRow": {"executed_lines": [18, 21, 23, 28, 31, 34, 35, 38, 42, 43, 47, 48, 49, 53, 71, 75, 78], "summary": {"covered_lines": 17, "num_statements": 32, "percent_covered": 53.125, "percent_covered_display": "53", "missing_lines": 15, "excluded_lines": 0}, "missing_lines": [19, 22, 29, 39, 44, 50, 51, 58, 59, 62, 63, 64, 66, 72, 76], "excluded_lines": []}, "Manifest": {"executed_lines": [98, 99, 102], "summary": {"covered_lines": 3, "num_statements": 5, "percent_covered": 60.0, "percent_covered_display": "60", "missing_lines": 2, "excluded_lines": 0}, "missing_lines": [100, 101], "excluded_lines": []}, "": {"executed_lines": [1, 2, 3, 4, 5, 7, 8, 9, 10, 11, 12, 13, 15, 16, 17, 25, 26, 27, 55, 56, 57, 68, 69, 70, 80, 83, 86, 87, 89, 92, 93, 95, 96, 97], "summary": {"covered_lines": 34, "num_statements": 34, "percent_covered": 100.0, "percent_covered_display": "100", "missing_lines": 0, "excluded_lines": 0}, "missing_lines": [], "excluded_lines": []}}}, "src/jd_fit_evaluator/logging.py": {"executed_lines": [1, 3, 4], "summary": {"covered_lines": 3, "num_statements": 3, "percent_covered": 100.0, "percent_covered_display": "100", "missing_lines": 0, "excluded_lines": 0}, "missing_lines": [], "excluded_lines": [], "functions": {"init_logging": {"executed_lines": [4], "summary": {"covered_lines": 1, "num_statements": 1, "percent_covered": 100.0, "percent_covered_display": "100", "missing_lines": 0, "excluded_lines": 0}, "missing_lines": [], "excluded_lines": []}, "": {"executed_lines": [1, 3], "summary": {"covered_lines": 2, "num_statements": 2, "percent_covered": 100.0, "percent_covered_display": "100", "missing_lines": 0, "excluded_lines": 0}, "missing_lines": [], "excluded_lines": []}}, "classes": {"": {"executed_lines": [1, 3, 4], "summary": {"covered_lines": 3, "num_statements": 3, "percent_covered": 100.0, "percent_covered_display": "100", "missing_lines": 0, "excluded_lines": 0}, "missing_lines": [], "excluded_lines": []}}}, "src/jd_fit_evaluator/models/embeddings.py": {"executed_lines": [1, 2, 3, 4, 5, 6, 8, 11, 12, 13, 14, 15, 17, 21, 22, 23, 24, 25, 26, 27, 28, 29, 30, 39, 41, 42, 44, 45, 46, 48, 49, 50, 51, 52, 53, 54, 55, 57, 58, 59, 64, 65, 68, 69, 70, 72, 73, 75, 76, 83, 84, 88, 89, 90, 91, 92, 93, 94, 95, 96, 97, 98, 99, 100, 102, 103, 104, 111, 112, 113, 114, 115, 116, 117, 118, 119, 120, 121, 122, 123, 124, 125, 126, 127, 128, 129, 131, 132, 136, 137, 138, 141, 142, 144, 145, 147, 150, 152, 154, 156, 158, 162, 163, 165, 166, 167, 168, 169, 171, 173, 174, 177, 178, 179, 181, 183, 185, 187, 208, 210, 211, 213, 215, 217, 218, 222, 225, 226, 227, 228, 238, 241, 242, 245, 247, 248, 250], "summary": {"covered_lines": 135, "num_statements": 180, "percent_covered": 75.0, "percent_covered_display": "75", "missing_lines": 45, "excluded_lines": 0}, "missing_lines": [66, 77, 78, 79, 80, 81, 82, 85, 86, 105, 106, 107, 108, 109, 155, 159, 175, 182, 184, 188, 189, 190, 191, 192, 193, 195, 197, 198, 199, 200, 201, 202, 203, 205, 206, 214, 216, 223, 230, 231, 232, 233, 234, 235, 243], "excluded_lines": [], "functions": {"_ConnLocal.__init__": {"executed_lines": [13], "summary": {"covered_lines": 1, "num_statements": 1, "percent_covered": 100.0, "percent_covered_display": "100", "missing_lines": 0, "excluded_lines": 0}, "missing_lines": [], "excluded_lines": []}, "_ConnLocal.get": {"executed_lines": [15, 17, 21, 22, 23, 24, 25, 26, 27, 28, 29, 30, 39], "summary": {"covered_lines": 13, "num_statements": 13, "percent_covered": 100.0, "percent_covered_display": "100", "missing_lines": 0, "excluded_lines": 0}, "missing_lines": [], "excluded_lines": []}, "conn": {"executed_lines": [46], "summary": {"covered_lines": 1, "num_statements": 1, "percent_covered": 100.0, "percent_covered_display": "100", "missing_lines": 0, "excluded_lines": 0}, "missing_lines": [], "excluded_lines": []}, "get_cached": {"executed_lines": [49, 50, 51, 52, 53, 54, 55], "summary": {"covered_lines": 7, "num_statements": 7, "percent_covered": 100.0, "percent_covered_display": "100", "missing_lines": 0, "excluded_lines": 0}, "missing_lines": [], "excluded_lines": []}, "put_cached": {"executed_lines": [58, 59], "summary": {"covered_lines": 2, "num_statements": 2, "percent_covered": 100.0, "percent_covered_display": "100", "missing_lines": 0, "excluded_lines": 0}, "missing_lines": [], "excluded_lines": []}, "EmbeddingProvider.embed_batch": {"executed_lines": [], "summary": {"covered_lines": 0, "num_statements": 1, "percent_covered": 0.0, "percent_covered_display": "0", "missing_lines": 1, "excluded_lines": 0}, "missing_lines": [66], "excluded_lines": []}, "MockProvider.__init__": {"executed_lines": [70], "summary": {"covered_lines": 1, "num_statements": 1, "percent_covered": 100.0, "percent_covered_display": "100", "missing_lines": 0, "excluded_lines": 0}, "missing_lines": [], "excluded_lines": []}, "MockProvider.embed_batch": {"executed_lines": [73], "summary": {"covered_lines": 1, "num_statements": 1, "percent_covered": 100.0, "percent_covered_display": "100", "missing_lines": 0, "excluded_lines": 0}, "missing_lines": [], "excluded_lines": []}, "OpenAIProvider.__init__": {"executed_lines": [], "summary": {"covered_lines": 0, "num_statements": 6, "percent_covered": 0.0, "percent_covered_display": "0", "missing_lines": 6, "excluded_lines": 0}, "missing_lines": [77, 78, 79, 80, 81, 82], "excluded_lines": []}, "OpenAIProvider.embed_batch": {"executed_lines": [], "summary": {"covered_lines": 0, "num_statements": 2, "percent_covered": 0.0, "percent_covered_display": "0", "missing_lines": 2, "excluded_lines": 0}, "missing_lines": [85, 86], "excluded_lines": []}, "OllamaProvider.__init__": {"executed_lines": [90], "summary": {"covered_lines": 1, "num_statements": 1, "percent_covered": 100.0, "percent_covered_display": "100", "missing_lines": 0, "excluded_lines": 0}, "missing_lines": [], "excluded_lines": []}, "OllamaProvider.embed_batch": {"executed_lines": [93, 94, 95, 96, 97, 98, 99, 100], "summary": {"covered_lines": 8, "num_statements": 8, "percent_covered": 100.0, "percent_covered_display": "100", "missing_lines": 0, "excluded_lines": 0}, "missing_lines": [], "excluded_lines": []}, "get_provider": {"executed_lines": [103, 104], "summary": {"covered_lines": 2, "num_statements": 7, "percent_covered": 28.571428571428573, "percent_covered_display": "29", "missing_lines": 5, "excluded_lines": 0}, "missing_lines": [105, 106, 107, 108, 109], "excluded_lines": []}, "embed_texts": {"executed_lines": [112, 113, 114, 115, 116, 117, 118, 119, 120, 121, 122, 123, 124, 125, 126, 127, 128, 129, 131, 132], "summary": {"covered_lines": 20, "num_statements": 20, "percent_covered": 100.0, "percent_covered_display": "100", "missing_lines": 0, "excluded_lines": 0}, "missing_lines": [], "excluded_lines": []}, "DeterministicFallbackEmbedder.__init__": {"executed_lines": [145], "summary": {"covered_lines": 1, "num_statements": 1, "percent_covered": 100.0, "percent_covered_display": "100", "missing_lines": 0, "excluded_lines": 0}, "missing_lines": [], "excluded_lines": []}, "DeterministicFallbackEmbedder.embed_text": {"executed_lines": [150, 152, 154, 156], "summary": {"covered_lines": 4, "num_statements": 5, "percent_covered": 80.0, "percent_covered_display": "80", "missing_lines": 1, "excluded_lines": 0}, "missing_lines": [155], "excluded_lines": []}, "DeterministicFallbackEmbedder.embed": {"executed_lines": [], "summary": {"covered_lines": 0, "num_statements": 1, "percent_covered": 0.0, "percent_covered_display": "0", "missing_lines": 1, "excluded_lines": 0}, "missing_lines": [159], "excluded_lines": []}, "OllamaEmbedder.__init__": {"executed_lines": [166, 167, 168, 169], "summary": {"covered_lines": 4, "num_statements": 4, "percent_covered": 100.0, "percent_covered_display": "100", "missing_lines": 0, "excluded_lines": 0}, "missing_lines": [], "excluded_lines": []}, "OllamaEmbedder.embed_text": {"executed_lines": [173, 174, 177, 178, 179, 181, 183, 185], "summary": {"covered_lines": 8, "num_statements": 11, "percent_covered": 72.72727272727273, "percent_covered_display": "73", "missing_lines": 3, "excluded_lines": 0}, "missing_lines": [175, 182, 184], "excluded_lines": []}, "OllamaEmbedder.embed": {"executed_lines": [], "summary": {"covered_lines": 0, "num_statements": 16, "percent_covered": 0.0, "percent_covered_display": "0", "missing_lines": 16, "excluded_lines": 0}, "missing_lines": [188, 189, 190, 191, 192, 193, 195, 197, 198, 199, 200, 201, 202, 203, 205, 206], "excluded_lines": []}, "_cosine": {"executed_lines": [210, 211, 213, 215, 217, 218, 222, 225, 226, 227, 228], "summary": {"covered_lines": 11, "num_statements": 20, "percent_covered": 55.0, "percent_covered_display": "55", "missing_lines": 9, "excluded_lines": 0}, "missing_lines": [214, 216, 223, 230, 231, 232, 233, 234, 235], "excluded_lines": []}, "get_embedder": {"executed_lines": [241, 242, 245, 250], "summary": {"covered_lines": 4, "num_statements": 4, "percent_covered": 100.0, "percent_covered_display": "100", "missing_lines": 0, "excluded_lines": 0}, "missing_lines": [], "excluded_lines": []}, "get_embedder.EmbedderWrapper.embed": {"executed_lines": [], "summary": {"covered_lines": 0, "num_statements": 1, "percent_covered": 0.0, "percent_covered_display": "0", "missing_lines": 1, "excluded_lines": 0}, "missing_lines": [243], "excluded_lines": []}, "get_embedder.EmbedderWrapper.embed_text": {"executed_lines": [247, 248], "summary": {"covered_lines": 2, "num_statements": 2, "percent_covered": 100.0, "percent_covered_display": "100", "missing_lines": 0, "excluded_lines": 0}, "missing_lines": [], "excluded_lines": []}, "": {"executed_lines": [1, 2, 3, 4, 5, 6, 8, 11, 12, 14, 41, 42, 44, 45, 48, 57, 64, 65, 68, 69, 72, 75, 76, 83, 84, 88, 89, 91, 92, 102, 111, 136, 137, 138, 141, 142, 144, 147, 158, 162, 163, 165, 171, 187, 208, 238], "summary": {"covered_lines": 44, "num_statements": 44, "percent_covered": 100.0, "percent_covered_display": "100", "missing_lines": 0, "excluded_lines": 0}, "missing_lines": [], "excluded_lines": []}}, "classes": {"_ConnLocal": {"executed_lines": [13, 15, 17, 21, 22, 23, 24, 25, 26, 27, 28, 29, 30, 39], "summary": {"covered_lines": 14, "num_statements": 14, "percent_covered": 100.0, "percent_covered_display": "100", "missing_lines": 0, "excluded_lines": 0}, "missing_lines": [], "excluded_lines": []}, "EmbeddingProvider": {"executed_lines": [], "summary": {"covered_lines": 0, "num_statements": 1, "percent_covered": 0.0, "percent_covered_display": "0", "missing_lines": 1, "excluded_lines": 0}, "missing_lines": [66], "excluded_lines": []}, "MockProvider": {"executed_lines": [70, 73], "summary": {"covered_lines": 2, "num_statements": 2, "percent_covered": 100.0, "percent_covered_display": "100", "missing_lines": 0, "excluded_lines": 0}, "missing_lines": [], "excluded_lines": []}, "OpenAIProvider": {"executed_lines": [], "summary": {"covered_lines": 0, "num_statements": 8, "percent_covered": 0.0, "percent_covered_display": "0", "missing_lines": 8, "excluded_lines": 0}, "missing_lines": [77, 78, 79, 80, 81, 82, 85, 86], "excluded_lines": []}, "OllamaProvider": {"executed_lines": [90, 93, 94, 95, 96, 97, 98, 99, 100], "summary": {"covered_lines": 9, "num_statements": 9, "percent_covered": 100.0, "percent_covered_display": "100", "missing_lines": 0, "excluded_lines": 0}, "missing_lines": [], "excluded_lines": []}, "DeterministicFallbackEmbedder": {"executed_lines": [145, 150, 152, 154, 156], "summary": {"covered_lines": 5, "num_statements": 7, "percent_covered": 71.42857142857143, "percent_covered_display": "71", "missing_lines": 2, "excluded_lines": 0}, "missing_lines": [155, 159], "excluded_lines": []}, "OllamaEmbedder": {"executed_lines": [166, 167, 168, 169, 173, 174, 177, 178, 179, 181, 183, 185], "summary": {"covered_lines": 12, "num_statements": 31, "percent_covered": 38.70967741935484, "percent_covered_display": "39", "missing_lines": 19, "excluded_lines": 0}, "missing_lines": [175, 182, 184, 188, 189, 190, 191, 192, 193, 195, 197, 198, 199, 200, 201, 202, 203, 205, 206], "excluded_lines": []}, "get_embedder.EmbedderWrapper": {"executed_lines": [247, 248], "summary": {"covered_lines": 2, "num_statements": 3, "percent_covered": 66.66666666666667, "percent_covered_display": "67", "missing_lines": 1, "excluded_lines": 0}, "missing_lines": [243], "excluded_lines": []}, "": {"executed_lines": [1, 2, 3, 4, 5, 6, 8, 11, 12, 14, 41, 42, 44, 45, 46, 48, 49, 50, 51, 52, 53, 54, 55, 57, 58, 59, 64, 65, 68, 69, 72, 75, 76, 83, 84, 88, 89, 91, 92, 102, 103, 104, 111, 112, 113, 114, 115, 116, 117, 118, 119, 120, 121, 122, 123, 124, 125, 126, 127, 128, 129, 131, 132, 136, 137, 138, 141, 142, 144, 147, 158, 162, 163, 165, 171, 187, 208, 210, 211, 213, 215, 217, 218, 222, 225, 226, 227, 228, 238, 241, 242, 245, 250], "summary": {"covered_lines": 91, "num_statements": 105, "percent_covered": 86.66666666666667, "percent_covered_display": "87", "missing_lines": 14, "excluded_lines": 0}, "missing_lines": [105, 106, 107, 108, 109, 214, 216, 223, 230, 231, 232, 233, 234, 235], "excluded_lines": []}}}, "src/jd_fit_evaluator/models/llm.py": {"executed_lines": [1, 2, 3, 4, 5, 7, 8, 9, 10, 12, 13, 16, 17, 19, 39, 40, 43, 64, 65, 66, 67, 68, 69, 70], "summary": {"covered_lines": 24, "num_statements": 51, "percent_covered": 47.05882352941177, "percent_covered_display": "47", "missing_lines": 27, "excluded_lines": 0}, "missing_lines": [14, 18, 20, 21, 27, 28, 29, 30, 31, 32, 33, 34, 35, 36, 37, 41, 42, 44, 45, 51, 56, 57, 58, 59, 60, 61, 62], "excluded_lines": [], "functions": {"LLMProvider.chat_json": {"executed_lines": [], "summary": {"covered_lines": 0, "num_statements": 1, "percent_covered": 0.0, "percent_covered_display": "0", "missing_lines": 1, "excluded_lines": 0}, "missing_lines": [14], "excluded_lines": []}, "OllamaProvider.__init__": {"executed_lines": [], "summary": {"covered_lines": 0, "num_statements": 1, "percent_covered": 0.0, "percent_covered_display": "0", "missing_lines": 1, "excluded_lines": 0}, "missing_lines": [18], "excluded_lines": []}, "OllamaProvider.chat_json": {"executed_lines": [], "summary": {"covered_lines": 0, "num_statements": 13, "percent_covered": 0.0, "percent_covered_display": "0", "missing_lines": 13, "excluded_lines": 0}, "missing_lines": [20, 21, 27, 28, 29, 30, 31, 32, 33, 34, 35, 36, 37], "excluded_lines": []}, "OpenAIProvider.__init__": {"executed_lines": [], "summary": {"covered_lines": 0, "num_statements": 2, "percent_covered": 0.0, "percent_covered_display": "0", "missing_lines": 2, "excluded_lines": 0}, "missing_lines": [41, 42], "excluded_lines": []}, "OpenAIProvider.chat_json": {"executed_lines": [], "summary": {"covered_lines": 0, "num_statements": 10, "percent_covered": 0.0, "percent_covered_display": "0", "missing_lines": 10, "excluded_lines": 0}, "missing_lines": [44, 45, 51, 56, 57, 58, 59, 60, 61, 62], "excluded_lines": []}, "get_llm": {"executed_lines": [65, 66, 67, 68, 70], "summary": {"covered_lines": 5, "num_statements": 5, "percent_covered": 100.0, "percent_covered_display": "100", "missing_lines": 0, "excluded_lines": 0}, "missing_lines": [], "excluded_lines": []}, "get_llm.Mock.chat_json": {"executed_lines": [69], "summary": {"covered_lines": 1, "num_statements": 1, "percent_covered": 100.0, "percent_covered_display": "100", "missing_lines": 0, "excluded_lines": 0}, "missing_lines": [], "excluded_lines": []}, "": {"executed_lines": [1, 2, 3, 4, 5, 7, 8, 9, 10, 12, 13, 16, 17, 19, 39, 40, 43, 64], "summary": {"covered_lines": 18, "num_statements": 18, "percent_covered": 100.0, "percent_covered_display": "100", "missing_lines": 0, "excluded_lines": 0}, "missing_lines": [], "excluded_lines": []}}, "classes": {"LLMResponse": {"executed_lines": [], "summary": {"covered_lines": 0, "num_statements": 0, "percent_covered": 100.0, "percent_covered_display": "100", "missing_lines": 0, "excluded_lines": 0}, "missing_lines": [], "excluded_lines": []}, "LLMProvider": {"executed_lines": [], "summary": {"covered_lines": 0, "num_statements": 1, "percent_covered": 0.0, "percent_covered_display": "0", "missing_lines": 1, "excluded_lines": 0}, "missing_lines": [14], "excluded_lines": []}, "OllamaProvider": {"executed_lines": [], "summary": {"covered_lines": 0, "num_statements": 14, "percent_covered": 0.0, "percent_covered_display": "0", "missing_lines": 14, "excluded_lines": 0}, "missing_lines": [18, 20, 21, 27, 28, 29, 30, 31, 32, 33, 34, 35, 36, 37], "excluded_lines": []}, "OpenAIProvider": {"executed_lines": [], "summary": {"covered_lines": 0, "num_statements": 12, "percent_covered": 0.0, "percent_covered_display": "0", "missing_lines": 12, "excluded_lines": 0}, "missing_lines": [41, 42, 44, 45, 51, 56, 57, 58, 59, 60, 61, 62], "excluded_lines": []}, "get_llm.Mock": {"executed_lines": [69], "summary": {"covered_lines": 1, "num_statements": 1, "percent_covered": 100.0, "percent_covered_display": "100", "missing_lines": 0, "excluded_lines": 0}, "missing_lines": [], "excluded_lines": []}, "": {"executed_lines": [1, 2, 3, 4, 5, 7, 8, 9, 10, 12, 13, 16, 17, 19, 39, 40, 43, 64, 65, 66, 67, 68, 70], "summary": {"covered_lines": 23, "num_statements": 23, "percent_covered": 100.0, "percent_covered_display": "100", "missing_lines": 0, "excluded_lines": 0}, "missing_lines": [], "excluded_lines": []}}}, "src/jd_fit_evaluator/parsing/__init__.py": {"executed_lines": [0], "summary": {"covered_lines": 0, "num_statements": 0, "percent_covered": 100.0, "percent_covered_display": "100", "missing_lines": 0, "excluded_lines": 0}, "missing_lines": [], "excluded_lines": [], "functions": {"": {"executed_lines": [], "summary": {"covered_lines": 0, "num_statements": 0, "percent_covered": 100.0, "percent_covered_display": "100", "missing_lines": 0, "excluded_lines": 0}, "missing_lines": [], "excluded_lines": []}}, "classes": {"": {"executed_lines": [], "summary": {"covered_lines": 0, "num_statements": 0, "percent_covered": 100.0, "percent_covered_display": "100", "missing_lines": 0, "excluded_lines": 0}, "missing_lines": [], "excluded_lines": []}}}, "src/jd_fit_evaluator/parsing/llm_parser.py": {"executed_lines": [1, 2, 3, 5, 6, 7, 8, 9, 10, 12, 13, 14, 15, 16, 17, 18, 20, 21, 22, 27], "summary": {"covered_lines": 20, "num_statements": 20, "percent_covered": 100.0, "percent_covered_display": "100", "missing_lines": 0, "excluded_lines": 0}, "missing_lines": [], "excluded_lines": [], "functions": {"parse_resume_with_llm": {"executed_lines": [21, 22, 27], "summary": {"covered_lines": 3, "num_statements": 3, "percent_covered": 100.0, "percent_covered_display": "100", "missing_lines": 0, "excluded_lines": 0}, "missing_lines": [], "excluded_lines": []}, "": {"executed_lines": [1, 2, 3, 5, 6, 7, 8, 9, 10, 12, 13, 14, 15, 16, 17, 18, 20], "summary": {"covered_lines": 17, "num_statements": 17, "percent_covered": 100.0, "percent_covered_display": "100", "missing_lines": 0, "excluded_lines": 0}, "missing_lines": [], "excluded_lines": []}}, "classes": {"Stint": {"executed_lines": [], "summary": {"covered_lines": 0, "num_statements": 0, "percent_covered": 100.0, "percent_covered_display": "100", "missing_lines": 0, "excluded_lines": 0}, "missing_lines": [], "excluded_lines": []}, "ParsedResume": {"executed_lines": [], "summary": {"covered_lines": 0, "num_statements": 0, "percent_covered": 100.0, "percent_covered_display": "100", "missing_lines": 0, "excluded_lines": 0}, "missing_lines": [], "excluded_lines": []}, "": {"executed_lines": [1, 2, 3, 5, 6, 7, 8, 9, 10, 12, 13, 14, 15, 16, 17, 18, 20, 21, 22, 27], "summary": {"covered_lines": 20, "num_statements": 20, "percent_covered": 100.0, "percent_covered_display": "100", "missing_lines": 0, "excluded_lines": 0}, "missing_lines": [], "excluded_lines": []}}}, "src/jd_fit_evaluator/parsing/models.py": {"executed_lines": [1, 2, 3, 5, 6, 7, 9, 10, 11, 12, 13, 14, 15, 16, 18, 19, 20, 21, 23, 24, 26], "summary": {"covered_lines": 21, "num_statements": 23, "percent_covered": 91.30434782608695, "percent_covered_display": "91", "missing_lines": 2, "excluded_lines": 0}, "missing_lines": [22, 25], "excluded_lines": [], "functions": {"Stint.end_after_start": {"executed_lines": [21, 23, 24, 26], "summary": {"covered_lines": 4, "num_statements": 6, "percent_covered": 66.66666666666667, "percent_covered_display": "67", "missing_lines": 2, "excluded_lines": 0}, "missing_lines": [22, 25], "excluded_lines": []}, "": {"executed_lines": [1, 2, 3, 5, 6, 7, 9, 10, 11, 12, 13, 14, 15, 16, 18, 19, 20], "summary": {"covered_lines": 17, "num_statements": 17, "percent_covered": 100.0, "percent_covered_display": "100", "missing_lines": 0, "excluded_lines": 0}, "missing_lines": [], "excluded_lines": []}}, "classes": {"Project": {"executed_lines": [], "summary": {"covered_lines": 0, "num_statements": 0, "percent_covered": 100.0, "percent_covered_display": "100", "missing_lines": 0, "excluded_lines": 0}, "missing_lines": [], "excluded_lines": []}, "Stint": {"executed_lines": [21, 23, 24, 26], "summary": {"covered_lines": 4, "num_statements": 6, "percent_covered": 66.66666666666667, "percent_covered_display": "67", "missing_lines": 2, "excluded_lines": 0}, "missing_lines": [22, 25], "excluded_lines": []}, "": {"executed_lines": [1, 2, 3, 5, 6, 7, 9, 10, 11, 12, 13, 14, 15, 16, 18, 19, 20], "summary": {"covered_lines": 17, "num_statements": 17, "percent_covered": 100.0, "percent_covered_display": "100", "missing_lines": 0, "excluded_lines": 0}, "missing_lines": [], "excluded_lines": []}}}, "src/jd_fit_evaluator/parsing/resume.py": {"executed_lines": [1, 2, 3, 5, 6, 7, 8, 17, 22], "summary": {"covered_lines": 9, "num_statements": 24, "percent_covered": 37.5, "percent_covered_display": "38", "missing_lines": 15, "excluded_lines": 0}, "missing_lines": [9, 10, 11, 12, 13, 14, 15, 23, 24, 25, 26, 27, 28, 30, 31], "excluded_lines": [], "functions": {"extract_text": {"executed_lines": [6, 7, 8], "summary": {"covered_lines": 3, "num_statements": 10, "percent_covered": 30.0, "percent_covered_display": "30", "missing_lines": 7, "excluded_lines": 0}, "missing_lines": [9, 10, 11, 12, 13, 14, 15], "excluded_lines": []}, "normalize_title": {"executed_lines": [], "summary": {"covered_lines": 0, "num_statements": 8, "percent_covered": 0.0, "percent_covered_display": "0", "missing_lines": 8, "excluded_lines": 0}, "missing_lines": [23, 24, 25, 26, 27, 28, 30, 31], "excluded_lines": []}, "": {"executed_lines": [1, 2, 3, 5, 17, 22], "summary": {"covered_lines": 6, "num_statements": 6, "percent_covered": 100.0, "percent_covered_display": "100", "missing_lines": 0, "excluded_lines": 0}, "missing_lines": [], "excluded_lines": []}}, "classes": {"": {"executed_lines": [1, 2, 3, 5, 6, 7, 8, 17, 22], "summary": {"covered_lines": 9, "num_statements": 24, "percent_covered": 37.5, "percent_covered_display": "38", "missing_lines": 15, "excluded_lines": 0}, "missing_lines": [9, 10, 11, 12, 13, 14, 15, 23, 24, 25, 26, 27, 28, 30, 31], "excluded_lines": []}}}, "src/jd_fit_evaluator/parsing/stints.py": {"executed_lines": [2, 3, 4, 5, 6, 7, 8, 11, 12, 26, 27, 32, 38, 233, 242, 244, 246, 247, 248, 249, 256, 262, 268, 269, 270, 272, 274, 275, 276, 279, 282, 283, 284, 285, 286, 288, 295, 297, 299], "summary": {"covered_lines": 39, "num_statements": 216, "percent_covered": 18.055555555555557, "percent_covered_display": "18", "missing_lines": 177, "excluded_lines": 0}, "missing_lines": [44, 45, 46, 47, 48, 49, 50, 51, 52, 53, 54, 55, 56, 57, 58, 59, 60, 61, 62, 64, 65, 66, 67, 68, 69, 70, 71, 73, 74, 76, 77, 78, 79, 80, 81, 82, 83, 84, 86, 87, 88, 89, 90, 92, 93, 94, 95, 96, 97, 98, 99, 100, 101, 102, 104, 105, 106, 107, 108, 110, 111, 112, 113, 114, 115, 116, 117, 118, 119, 120, 121, 122, 123, 124, 125, 126, 127, 128, 129, 130, 131, 132, 133, 134, 135, 136, 137, 138, 139, 140, 141, 142, 143, 144, 145, 146, 147, 148, 149, 150, 151, 152, 153, 154, 155, 156, 157, 158, 159, 160, 161, 162, 163, 164, 165, 166, 167, 168, 170, 171, 172, 173, 174, 175, 176, 177, 178, 180, 181, 182, 183, 184, 185, 186, 187, 188, 189, 191, 192, 193, 194, 195, 196, 197, 198, 199, 200, 201, 202, 203, 211, 212, 214, 215, 216, 217, 218, 219, 220, 221, 222, 223, 225, 234, 235, 239, 240, 245, 250, 251, 252, 253, 255, 257, 258, 273, 287], "excluded_lines": [], "functions": {"shape_adapter": {"executed_lines": [], "summary": {"covered_lines": 0, "num_statements": 44, "percent_covered": 0.0, "percent_covered_display": "0", "missing_lines": 44, "excluded_lines": 0}, "missing_lines": [44, 64, 73, 76, 86, 104, 110, 170, 180, 181, 182, 183, 184, 185, 186, 187, 188, 189, 191, 192, 193, 194, 195, 196, 197, 198, 199, 200, 201, 202, 203, 211, 212, 214, 215, 216, 217, 218, 219, 220, 221, 222, 223, 225], "excluded_lines": []}, "shape_adapter._as_iterable": {"executed_lines": [], "summary": {"covered_lines": 0, "num_statements": 18, "percent_covered": 0.0, "percent_covered_display": "0", "missing_lines": 18, "excluded_lines": 0}, "missing_lines": [45, 46, 47, 48, 49, 50, 51, 52, 53, 54, 55, 56, 57, 58, 59, 60, 61, 62], "excluded_lines": []}, "shape_adapter._ensure_sequence": {"executed_lines": [], "summary": {"covered_lines": 0, "num_statements": 7, "percent_covered": 0.0, "percent_covered_display": "0", "missing_lines": 7, "excluded_lines": 0}, "missing_lines": [65, 66, 67, 68, 69, 70, 71], "excluded_lines": []}, "shape_adapter._looks_like_stint": {"executed_lines": [], "summary": {"covered_lines": 0, "num_statements": 1, "percent_covered": 0.0, "percent_covered_display": "0", "missing_lines": 1, "excluded_lines": 0}, "missing_lines": [74], "excluded_lines": []}, "shape_adapter._clean_str": {"executed_lines": [], "summary": {"covered_lines": 0, "num_statements": 8, "percent_covered": 0.0, "percent_covered_display": "0", "missing_lines": 8, "excluded_lines": 0}, "missing_lines": [77, 78, 79, 80, 81, 82, 83, 84], "excluded_lines": []}, "shape_adapter._coerce_tags": {"executed_lines": [], "summary": {"covered_lines": 0, "num_statements": 15, "percent_covered": 0.0, "percent_covered_display": "0", "missing_lines": 15, "excluded_lines": 0}, "missing_lines": [87, 88, 89, 90, 92, 93, 94, 95, 96, 97, 98, 99, 100, 101, 102], "excluded_lines": []}, "shape_adapter._extract_month": {"executed_lines": [], "summary": {"covered_lines": 0, "num_statements": 4, "percent_covered": 0.0, "percent_covered_display": "0", "missing_lines": 4, "excluded_lines": 0}, "missing_lines": [105, 106, 107, 108], "excluded_lines": []}, "shape_adapter._coerce_date": {"executed_lines": [], "summary": {"covered_lines": 0, "num_statements": 58, "percent_covered": 0.0, "percent_covered_display": "0", "missing_lines": 58, "excluded_lines": 0}, "missing_lines": [111, 112, 113, 114, 115, 116, 117, 118, 119, 120, 121, 122, 123, 124, 125, 126, 127, 128, 129, 130, 131, 132, 133, 134, 135, 136, 137, 138, 139, 140, 141, 142, 143, 144, 145, 146, 147, 148, 149, 150, 151, 152, 153, 154, 155, 156, 157, 158, 159, 160, 161, 162, 163, 164, 165, 166, 167, 168], "excluded_lines": []}, "shape_adapter._is_current": {"executed_lines": [], "summary": {"covered_lines": 0, "num_statements": 8, "percent_covered": 0.0, "percent_covered_display": "0", "missing_lines": 8, "excluded_lines": 0}, "missing_lines": [171, 172, 173, 174, 175, 176, 177, 178], "excluded_lines": []}, "normalize_title": {"executed_lines": [], "summary": {"covered_lines": 0, "num_statements": 4, "percent_covered": 0.0, "percent_covered_display": "0", "missing_lines": 4, "excluded_lines": 0}, "missing_lines": [234, 235, 239, 240], "excluded_lines": []}, "_to_date": {"executed_lines": [244, 246, 247, 248, 249, 256], "summary": {"covered_lines": 6, "num_statements": 14, "percent_covered": 42.857142857142854, "percent_covered_display": "43", "missing_lines": 8, "excluded_lines": 0}, "missing_lines": [245, 250, 251, 252, 253, 255, 257, 258], "excluded_lines": []}, "extract_stints": {"executed_lines": [268, 269, 270, 272, 274, 275, 276, 279, 282, 283, 284, 285, 286, 288, 295], "summary": {"covered_lines": 15, "num_statements": 17, "percent_covered": 88.23529411764706, "percent_covered_display": "88", "missing_lines": 2, "excluded_lines": 0}, "missing_lines": [273, 287], "excluded_lines": []}, "_stint_model_to_dict": {"executed_lines": [299], "summary": {"covered_lines": 1, "num_statements": 1, "percent_covered": 100.0, "percent_covered_display": "100", "missing_lines": 0, "excluded_lines": 0}, "missing_lines": [], "excluded_lines": []}, "": {"executed_lines": [2, 3, 4, 5, 6, 7, 8, 11, 12, 26, 27, 32, 38, 233, 242, 262, 297], "summary": {"covered_lines": 17, "num_statements": 17, "percent_covered": 100.0, "percent_covered_display": "100", "missing_lines": 0, "excluded_lines": 0}, "missing_lines": [], "excluded_lines": []}}, "classes": {"": {"executed_lines": [2, 3, 4, 5, 6, 7, 8, 11, 12, 26, 27, 32, 38, 233, 242, 244, 246, 247, 248, 249, 256, 262, 268, 269, 270, 272, 274, 275, 276, 279, 282, 283, 284, 285, 286, 288, 295, 297, 299], "summary": {"covered_lines": 39, "num_statements": 216, "percent_covered": 18.055555555555557, "percent_covered_display": "18", "missing_lines": 177, "excluded_lines": 0}, "missing_lines": [44, 45, 46, 47, 48, 49, 50, 51, 52, 53, 54, 55, 56, 57, 58, 59, 60, 61, 62, 64, 65, 66, 67, 68, 69, 70, 71, 73, 74, 76, 77, 78, 79, 80, 81, 82, 83, 84, 86, 87, 88, 89, 90, 92, 93, 94, 95, 96, 97, 98, 99, 100, 101, 102, 104, 105, 106, 107, 108, 110, 111, 112, 113, 114, 115, 116, 117, 118, 119, 120, 121, 122, 123, 124, 125, 126, 127, 128, 129, 130, 131, 132, 133, 134, 135, 136, 137, 138, 139, 140, 141, 142, 143, 144, 145, 146, 147, 148, 149, 150, 151, 152, 153, 154, 155, 156, 157, 158, 159, 160, 161, 162, 163, 164, 165, 166, 167, 168, 170, 171, 172, 173, 174, 175, 176, 177, 178, 180, 181, 182, 183, 184, 185, 186, 187, 188, 189, 191, 192, 193, 194, 195, 196, 197, 198, 199, 200, 201, 202, 203, 211, 212, 214, 215, 216, 217, 218, 219, 220, 221, 222, 223, 225, 234, 235, 239, 240, 245, 250, 251, 252, 253, 255, 257, 258, 273, 287], "excluded_lines": []}}}, "src/jd_fit_evaluator/parsing/stints_llm.py": {"executed_lines": [1, 2, 3, 5, 7, 8, 10, 11, 13, 14, 25, 26, 27, 29, 31, 32, 33, 34, 45, 51, 52, 53, 54, 61, 63, 65, 66, 67, 68, 69, 70, 71, 72, 73, 74, 99, 104, 105], "summary": {"covered_lines": 38, "num_statements": 89, "percent_covered": 42.69662921348315, "percent_covered_display": "43", "missing_lines": 51, "excluded_lines": 0}, "missing_lines": [28, 35, 36, 37, 38, 39, 40, 41, 42, 43, 44, 55, 56, 57, 58, 59, 60, 62, 75, 76, 77, 78, 79, 80, 81, 82, 83, 84, 85, 86, 87, 88, 89, 90, 91, 92, 93, 94, 98, 100, 106, 107, 109, 110, 111, 112, 113, 114, 115, 116, 117], "excluded_lines": [], "functions": {"_hash": {"executed_lines": [11], "summary": {"covered_lines": 1, "num_statements": 1, "percent_covered": 100.0, "percent_covered_display": "100", "missing_lines": 0, "excluded_lines": 0}, "missing_lines": [], "excluded_lines": []}, "_ollama_complete": {"executed_lines": [14, 25, 26, 27, 29], "summary": {"covered_lines": 5, "num_statements": 6, "percent_covered": 83.33333333333333, "percent_covered_display": "83", "missing_lines": 1, "excluded_lines": 0}, "missing_lines": [28], "excluded_lines": []}, "extract_stints_llm": {"executed_lines": [32, 33, 34, 45, 51, 52, 65, 66, 67, 68, 69, 70, 71, 72, 73, 74, 99, 104, 105], "summary": {"covered_lines": 19, "num_statements": 62, "percent_covered": 30.64516129032258, "percent_covered_display": "31", "missing_lines": 43, "excluded_lines": 0}, "missing_lines": [35, 36, 37, 38, 39, 40, 41, 42, 43, 44, 75, 76, 77, 78, 79, 80, 81, 82, 83, 84, 85, 86, 87, 88, 89, 90, 91, 92, 93, 94, 98, 100, 106, 107, 109, 110, 111, 112, 113, 114, 115, 116, 117], "excluded_lines": []}, "extract_stints_llm._clean_payload": {"executed_lines": [53, 54, 61, 63], "summary": {"covered_lines": 4, "num_statements": 11, "percent_covered": 36.36363636363637, "percent_covered_display": "36", "missing_lines": 7, "excluded_lines": 0}, "missing_lines": [55, 56, 57, 58, 59, 60, 62], "excluded_lines": []}, "": {"executed_lines": [1, 2, 3, 5, 7, 8, 10, 13, 31], "summary": {"covered_lines": 9, "num_statements": 9, "percent_covered": 100.0, "percent_covered_display": "100", "missing_lines": 0, "excluded_lines": 0}, "missing_lines": [], "excluded_lines": []}}, "classes": {"": {"executed_lines": [1, 2, 3, 5, 7, 8, 10, 11, 13, 14, 25, 26, 27, 29, 31, 32, 33, 34, 45, 51, 52, 53, 54, 61, 63, 65, 66, 67, 68, 69, 70, 71, 72, 73, 74, 99, 104, 105], "summary": {"covered_lines": 38, "num_statements": 89, "percent_covered": 42.69662921348315, "percent_covered_display": "43", "missing_lines": 51, "excluded_lines": 0}, "missing_lines": [28, 35, 36, 37, 38, 39, 40, 41, 42, 43, 44, 55, 56, 57, 58, 59, 60, 62, 75, 76, 77, 78, 79, 80, 81, 82, 83, 84, 85, 86, 87, 88, 89, 90, 91, 92, 93, 94, 98, 100, 106, 107, 109, 110, 111, 112, 113, 114, 115, 116, 117], "excluded_lines": []}}}, "src/jd_fit_evaluator/scoring/__init__.py": {"executed_lines": [0], "summary": {"covered_lines": 0, "num_statements": 0, "percent_covered": 100.0, "percent_covered_display": "100", "missing_lines": 0, "excluded_lines": 0}, "missing_lines": [], "excluded_lines": [], "functions": {"": {"executed_lines": [], "summary": {"covered_lines": 0, "num_statements": 0, "percent_covered": 100.0, "percent_covered_display": "100", "missing_lines": 0, "excluded_lines": 0}, "missing_lines": [], "excluded_lines": []}}, "classes": {"": {"executed_lines": [], "summary": {"covered_lines": 0, "num_statements": 0, "percent_covered": 100.0, "percent_covered_display": "100", "missing_lines": 0, "excluded_lines": 0}, "missing_lines": [], "excluded_lines": []}}}, "src/jd_fit_evaluator/scoring/assist.py": {"executed_lines": [1, 3, 4, 5, 10], "summary": {"covered_lines": 5, "num_statements": 5, "percent_covered": 100.0, "percent_covered_display": "100", "missing_lines": 0, "excluded_lines": 0}, "missing_lines": [], "excluded_lines": [], "functions": {"normalize_titles_and_skills": {"executed_lines": [4, 5, 10], "summary": {"covered_lines": 3, "num_statements": 3, "percent_covered": 100.0, "percent_covered_display": "100", "missing_lines": 0, "excluded_lines": 0}, "missing_lines": [], "excluded_lines": []}, "": {"executed_lines": [1, 3], "summary": {"covered_lines": 2, "num_statements": 2, "percent_covered": 100.0, "percent_covered_display": "100", "missing_lines": 0, "excluded_lines": 0}, "missing_lines": [], "excluded_lines": []}}, "classes": {"": {"executed_lines": [1, 3, 4, 5, 10], "summary": {"covered_lines": 5, "num_statements": 5, "percent_covered": 100.0, "percent_covered_display": "100", "missing_lines": 0, "excluded_lines": 0}, "missing_lines": [], "excluded_lines": []}}}, "src/jd_fit_evaluator/scoring/features.py": {"executed_lines": [1, 2, 3, 4, 5, 6, 8, 10, 11, 15, 16, 17, 29, 31, 34, 35, 36, 39, 40, 43, 45, 46, 47, 48, 49, 50, 51, 52, 53, 54, 57, 59, 60, 62, 63, 65, 66, 67, 68, 73, 75, 76, 78, 82, 83, 85, 86, 87, 90, 91, 93, 94, 96, 97, 98, 99, 100, 101, 102, 129, 131, 132, 134, 136, 137, 140, 141, 143, 144, 152, 154, 156, 157, 159, 161, 162, 165, 166, 168, 171, 172, 179, 182, 211, 212, 213, 226, 227, 228, 229, 236, 237, 238, 239, 240, 241, 243, 245, 247, 248, 249, 250, 251, 252, 254, 255, 256, 257, 258, 259, 261, 264, 266, 267, 268, 269, 270, 273, 275, 276, 277, 289, 290, 291, 294], "summary": {"covered_lines": 125, "num_statements": 219, "percent_covered": 57.077625570776256, "percent_covered_display": "57", "missing_lines": 94, "excluded_lines": 0}, "missing_lines": [32, 37, 64, 69, 70, 71, 79, 88, 105, 106, 107, 108, 109, 110, 111, 112, 113, 114, 115, 116, 117, 118, 119, 120, 121, 123, 124, 125, 127, 138, 146, 147, 148, 150, 163, 169, 174, 175, 176, 177, 184, 185, 187, 188, 189, 190, 191, 192, 196, 197, 199, 200, 201, 202, 204, 205, 206, 207, 208, 209, 215, 216, 217, 218, 219, 221, 222, 223, 224, 230, 231, 232, 233, 234, 242, 271, 279, 280, 282, 283, 284, 285, 287, 295, 296, 297, 298, 299, 301, 302, 303, 304, 305, 306], "excluded_lines": [], "functions": {"normalize_title": {"executed_lines": [31, 34, 35, 36, 39, 40], "summary": {"covered_lines": 6, "num_statements": 8, "percent_covered": 75.0, "percent_covered_display": "75", "missing_lines": 2, "excluded_lines": 0}, "missing_lines": [32, 37], "excluded_lines": []}, "_split_level_tokens": {"executed_lines": [45, 46, 47, 48, 49, 50, 51, 52, 53, 54], "summary": {"covered_lines": 10, "num_statements": 10, "percent_covered": 100.0, "percent_covered_display": "100", "missing_lines": 0, "excluded_lines": 0}, "missing_lines": [], "excluded_lines": []}, "_level_alignment_score": {"executed_lines": [59, 60, 62, 63, 65, 66, 67, 68], "summary": {"covered_lines": 8, "num_statements": 12, "percent_covered": 66.66666666666667, "percent_covered_display": "67", "missing_lines": 4, "excluded_lines": 0}, "missing_lines": [64, 69, 70, 71], "excluded_lines": []}, "new_title_match_score": {"executed_lines": [75, 76, 78, 82, 83, 85, 86, 87, 90, 91, 93, 94, 96, 97, 98, 99, 100, 101, 102], "summary": {"covered_lines": 19, "num_statements": 26, "percent_covered": 73.07692307692308, "percent_covered_display": "73", "missing_lines": 7, "excluded_lines": 0}, "missing_lines": [79, 88, 105, 123, 124, 125, 127], "excluded_lines": []}, "new_title_match_score._avg_best_similarity": {"executed_lines": [], "summary": {"covered_lines": 0, "num_statements": 16, "percent_covered": 0.0, "percent_covered_display": "0", "missing_lines": 16, "excluded_lines": 0}, "missing_lines": [106, 107, 108, 109, 110, 111, 112, 113, 114, 115, 116, 117, 118, 119, 120, 121], "excluded_lines": []}, "_compute_tenure_months": {"executed_lines": [131, 132, 134, 136, 137, 140, 141, 143, 144, 152], "summary": {"covered_lines": 10, "num_statements": 15, "percent_covered": 66.66666666666667, "percent_covered_display": "67", "missing_lines": 5, "excluded_lines": 0}, "missing_lines": [138, 146, 147, 148, 150], "excluded_lines": []}, "_compute_recency_months": {"executed_lines": [156, 157, 159, 161, 162, 165, 166, 168, 171, 172, 179], "summary": {"covered_lines": 11, "num_statements": 17, "percent_covered": 64.70588235294117, "percent_covered_display": "65", "missing_lines": 6, "excluded_lines": 0}, "missing_lines": [163, 169, 174, 175, 176, 177], "excluded_lines": []}, "_cosine": {"executed_lines": [], "summary": {"covered_lines": 0, "num_statements": 20, "percent_covered": 0.0, "percent_covered_display": "0", "missing_lines": 20, "excluded_lines": 0}, "missing_lines": [184, 185, 187, 188, 189, 190, 191, 192, 196, 197, 199, 200, 201, 202, 204, 205, 206, 207, 208, 209], "excluded_lines": []}, "_safe_months_between": {"executed_lines": [212, 213], "summary": {"covered_lines": 2, "num_statements": 11, "percent_covered": 18.181818181818183, "percent_covered_display": "18", "missing_lines": 9, "excluded_lines": 0}, "missing_lines": [215, 216, 217, 218, 219, 221, 222, 223, 224], "excluded_lines": []}, "tenure_scores": {"executed_lines": [227, 228, 229], "summary": {"covered_lines": 3, "num_statements": 8, "percent_covered": 37.5, "percent_covered_display": "38", "missing_lines": 5, "excluded_lines": 0}, "missing_lines": [230, 231, 232, 233, 234], "excluded_lines": []}, "industry_score": {"executed_lines": [237, 238, 239, 240, 241, 243], "summary": {"covered_lines": 6, "num_statements": 7, "percent_covered": 85.71428571428571, "percent_covered_display": "86", "missing_lines": 1, "excluded_lines": 0}, "missing_lines": [242], "excluded_lines": []}, "title_match_score": {"executed_lines": [247, 248, 249, 250, 251, 252, 254, 255, 256, 257, 258, 259], "summary": {"covered_lines": 12, "num_statements": 12, "percent_covered": 100.0, "percent_covered_display": "100", "missing_lines": 0, "excluded_lines": 0}, "missing_lines": [], "excluded_lines": []}, "context_penalty": {"executed_lines": [266, 267, 268, 269, 270], "summary": {"covered_lines": 5, "num_statements": 6, "percent_covered": 83.33333333333333, "percent_covered_display": "83", "missing_lines": 1, "excluded_lines": 0}, "missing_lines": [271], "excluded_lines": []}, "recency_score": {"executed_lines": [275, 276, 277], "summary": {"covered_lines": 3, "num_statements": 10, "percent_covered": 30.0, "percent_covered_display": "30", "missing_lines": 7, "excluded_lines": 0}, "missing_lines": [279, 280, 282, 283, 284, 285, 287], "excluded_lines": []}, "skill_sem_sim": {"executed_lines": [290, 291], "summary": {"covered_lines": 2, "num_statements": 2, "percent_covered": 100.0, "percent_covered_display": "100", "missing_lines": 0, "excluded_lines": 0}, "missing_lines": [], "excluded_lines": []}, "map_industries_for_stints": {"executed_lines": [], "summary": {"covered_lines": 0, "num_statements": 11, "percent_covered": 0.0, "percent_covered_display": "0", "missing_lines": 11, "excluded_lines": 0}, "missing_lines": [295, 296, 297, 298, 299, 301, 302, 303, 304, 305, 306], "excluded_lines": []}, "": {"executed_lines": [1, 2, 3, 4, 5, 6, 8, 10, 11, 15, 16, 17, 29, 43, 57, 73, 129, 154, 182, 211, 226, 236, 245, 261, 264, 273, 289, 294], "summary": {"covered_lines": 28, "num_statements": 28, "percent_covered": 100.0, "percent_covered_display": "100", "missing_lines": 0, "excluded_lines": 0}, "missing_lines": [], "excluded_lines": []}}, "classes": {"": {"executed_lines": [1, 2, 3, 4, 5, 6, 8, 10, 11, 15, 16, 17, 29, 31, 34, 35, 36, 39, 40, 43, 45, 46, 47, 48, 49, 50, 51, 52, 53, 54, 57, 59, 60, 62, 63, 65, 66, 67, 68, 73, 75, 76, 78, 82, 83, 85, 86, 87, 90, 91, 93, 94, 96, 97, 98, 99, 100, 101, 102, 129, 131, 132, 134, 136, 137, 140, 141, 143, 144, 152, 154, 156, 157, 159, 161, 162, 165, 166, 168, 171, 172, 179, 182, 211, 212, 213, 226, 227, 228, 229, 236, 237, 238, 239, 240, 241, 243, 245, 247, 248, 249, 250, 251, 252, 254, 255, 256, 257, 258, 259, 261, 264, 266, 267, 268, 269, 270, 273, 275, 276, 277, 289, 290, 291, 294], "summary": {"covered_lines": 125, "num_statements": 219, "percent_covered": 57.077625570776256, "percent_covered_display": "57", "missing_lines": 94, "excluded_lines": 0}, "missing_lines": [32, 37, 64, 69, 70, 71, 79, 88, 105, 106, 107, 108, 109, 110, 111, 112, 113, 114, 115, 116, 117, 118, 119, 120, 121, 123, 124, 125, 127, 138, 146, 147, 148, 150, 163, 169, 174, 175, 176, 177, 184, 185, 187, 188, 189, 190, 191, 192, 196, 197, 199, 200, 201, 202, 204, 205, 206, 207, 208, 209, 215, 216, 217, 218, 219, 221, 222, 223, 224, 230, 231, 232, 233, 234, 242, 271, 279, 280, 282, 283, 284, 285, 287, 295, 296, 297, 298, 299, 301, 302, 303, 304, 305, 306], "excluded_lines": []}}}, "src/jd_fit_evaluator/scoring/finalize.py": {"executed_lines": [1, 2, 3, 4, 5, 6, 7, 8, 9, 11, 13, 17, 18, 19, 21, 23, 24, 26, 27, 29, 30, 31, 32, 35, 36, 37, 38, 44, 45, 46, 48, 49, 51, 53, 54, 55, 57, 58, 60, 64, 66, 68, 77, 79, 87, 93, 100, 109, 126, 127, 129, 130, 131, 132, 133, 134, 137, 138, 139, 141, 143, 146, 148, 149, 150, 152, 153, 155, 157, 158, 160, 162, 163, 166, 169, 172, 173, 174, 177, 178, 179, 182, 183, 184, 185, 191, 201, 204, 205, 208, 211, 212, 213, 214, 215, 216, 236, 237, 238, 240, 241, 242, 243, 244, 245, 246, 248, 249, 250, 251, 252, 254, 255, 256, 257, 258, 260, 267, 270, 273, 284, 291, 293, 296, 298, 302, 303, 312], "summary": {"covered_lines": 128, "num_statements": 160, "percent_covered": 80.0, "percent_covered_display": "80", "missing_lines": 32, "excluded_lines": 0}, "missing_lines": [33, 39, 40, 42, 94, 95, 96, 97, 98, 101, 186, 187, 188, 218, 219, 220, 227, 229, 230, 233, 261, 262, 263, 264, 265, 297, 299, 304, 305, 307, 308, 309], "excluded_lines": [], "functions": {"compute_fit": {"executed_lines": [24, 26, 27, 29, 48, 49, 51, 53, 54, 55, 57, 58, 60, 64, 66, 68, 77, 79, 87], "summary": {"covered_lines": 19, "num_statements": 19, "percent_covered": 100.0, "percent_covered_display": "100", "missing_lines": 0, "excluded_lines": 0}, "missing_lines": [], "excluded_lines": []}, "compute_fit._embed": {"executed_lines": [30, 31, 32, 35, 36, 37, 38, 44, 45, 46], "summary": {"covered_lines": 10, "num_statements": 14, "percent_covered": 71.42857142857143, "percent_covered_display": "71", "missing_lines": 4, "excluded_lines": 0}, "missing_lines": [33, 39, 40, 42], "excluded_lines": []}, "_evidence": {"executed_lines": [], "summary": {"covered_lines": 0, "num_statements": 5, "percent_covered": 0.0, "percent_covered_display": "0", "missing_lines": 5, "excluded_lines": 0}, "missing_lines": [94, 95, 96, 97, 98], "excluded_lines": []}, "build_rationale": {"executed_lines": [], "summary": {"covered_lines": 0, "num_statements": 1, "percent_covered": 0.0, "percent_covered_display": "0", "missing_lines": 1, "excluded_lines": 0}, "missing_lines": [101], "excluded_lines": []}, "score_candidates": {"executed_lines": [126, 127, 129, 130, 131, 132, 133, 134, 137, 138, 139, 141, 143, 146, 148, 149, 150, 152, 153, 155, 157, 158, 160, 162, 163, 166, 169, 172, 173, 174, 177, 178, 179, 182, 183, 184, 185, 191, 201, 204, 205, 208, 211, 212, 213, 214, 215, 216, 236, 237, 238, 240, 241, 242, 243, 244, 245, 246, 248, 249, 250, 251, 252, 254, 255, 256, 257, 258, 260, 267, 270], "summary": {"covered_lines": 71, "num_statements": 86, "percent_covered": 82.55813953488372, "percent_covered_display": "83", "missing_lines": 15, "excluded_lines": 0}, "missing_lines": [186, 187, 188, 218, 219, 220, 227, 229, 230, 233, 261, 262, 263, 264, 265], "excluded_lines": []}, "get_scoring_metadata": {"executed_lines": [284], "summary": {"covered_lines": 1, "num_statements": 1, "percent_covered": 100.0, "percent_covered_display": "100", "missing_lines": 0, "excluded_lines": 0}, "missing_lines": [], "excluded_lines": []}, "_load_role": {"executed_lines": [293, 296, 298, 302, 303, 312], "summary": {"covered_lines": 6, "num_statements": 13, "percent_covered": 46.15384615384615, "percent_covered_display": "46", "missing_lines": 7, "excluded_lines": 0}, "missing_lines": [297, 299, 304, 305, 307, 308, 309], "excluded_lines": []}, "": {"executed_lines": [1, 2, 3, 4, 5, 6, 7, 8, 9, 11, 13, 17, 18, 19, 21, 23, 93, 100, 109, 273, 291], "summary": {"covered_lines": 21, "num_statements": 21, "percent_covered": 100.0, "percent_covered_display": "100", "missing_lines": 0, "excluded_lines": 0}, "missing_lines": [], "excluded_lines": []}}, "classes": {"": {"executed_lines": [1, 2, 3, 4, 5, 6, 7, 8, 9, 11, 13, 17, 18, 19, 21, 23, 24, 26, 27, 29, 30, 31, 32, 35, 36, 37, 38, 44, 45, 46, 48, 49, 51, 53, 54, 55, 57, 58, 60, 64, 66, 68, 77, 79, 87, 93, 100, 109, 126, 127, 129, 130, 131, 132, 133, 134, 137, 138, 139, 141, 143, 146, 148, 149, 150, 152, 153, 155, 157, 158, 160, 162, 163, 166, 169, 172, 173, 174, 177, 178, 179, 182, 183, 184, 185, 191, 201, 204, 205, 208, 211, 212, 213, 214, 215, 216, 236, 237, 238, 240, 241, 242, 243, 244, 245, 246, 248, 249, 250, 251, 252, 254, 255, 256, 257, 258, 260, 267, 270, 273, 284, 291, 293, 296, 298, 302, 303, 312], "summary": {"covered_lines": 128, "num_statements": 160, "percent_covered": 80.0, "percent_covered_display": "80", "missing_lines": 32, "excluded_lines": 0}, "missing_lines": [33, 39, 40, 42, 94, 95, 96, 97, 98, 101, 186, 187, 188, 218, 219, 220, 227, 229, 230, 233, 261, 262, 263, 264, 265, 297, 299, 304, 305, 307, 308, 309], "excluded_lines": []}}}, "src/jd_fit_evaluator/scoring/jd_profile.py": {"executed_lines": [1, 8], "summary": {"covered_lines": 2, "num_statements": 2, "percent_covered": 100.0, "percent_covered_display": "100", "missing_lines": 0, "excluded_lines": 0}, "missing_lines": [], "excluded_lines": [], "functions": {"": {"executed_lines": [1, 8], "summary": {"covered_lines": 2, "num_statements": 2, "percent_covered": 100.0, "percent_covered_display": "100", "missing_lines": 0, "excluded_lines": 0}, "missing_lines": [], "excluded_lines": []}}, "classes": {"": {"executed_lines": [1, 8], "summary": {"covered_lines": 2, "num_statements": 2, "percent_covered": 100.0, "percent_covered_display": "100", "missing_lines": 0, "excluded_lines": 0}, "missing_lines": [], "excluded_lines": []}}}, "src/jd_fit_evaluator/scoring/rationale.py": {"executed_lines": [1, 2, 3, 4, 6, 7, 9, 11, 13, 14, 15, 16, 17, 18, 21, 22, 25, 26, 27, 29, 30, 31, 33, 34, 35, 37, 38, 39, 41, 43, 44, 45, 47, 48, 50, 51, 64, 65, 66, 67, 68, 69, 72, 73, 75, 76, 77, 79, 81, 82, 85, 87, 88, 89, 90, 91, 92, 93, 94, 95, 96, 97, 98, 99, 100, 101, 102, 104, 106, 113, 114, 115, 116, 117, 118, 119, 121, 122, 124, 129, 130, 131, 133, 134, 137, 139, 140, 141, 142, 143, 144, 160, 176, 177, 179, 180, 181, 183, 185, 186, 187, 194, 195, 197, 200, 201, 202, 203, 204, 207, 208, 211], "summary": {"covered_lines": 112, "num_statements": 175, "percent_covered": 64.0, "percent_covered_display": "64", "missing_lines": 63, "excluded_lines": 0}, "missing_lines": [23, 40, 42, 49, 52, 53, 54, 55, 56, 57, 58, 59, 60, 61, 62, 70, 74, 83, 103, 105, 107, 109, 110, 111, 112, 120, 125, 126, 127, 132, 136, 145, 146, 147, 148, 149, 150, 152, 154, 155, 156, 157, 159, 162, 163, 164, 165, 167, 168, 169, 170, 171, 172, 174, 196, 212, 219, 220, 230, 231, 232, 233, 234], "excluded_lines": [], "functions": {"_summarize_signals": {"executed_lines": [22, 25, 26, 27, 29, 33, 37, 47, 64, 72, 79, 81, 176, 177, 179, 180, 181, 183], "summary": {"covered_lines": 18, "num_statements": 19, "percent_covered": 94.73684210526316, "percent_covered_display": "95", "missing_lines": 1, "excluded_lines": 0}, "missing_lines": [23], "excluded_lines": []}, "_summarize_signals._format_score": {"executed_lines": [30, 31], "summary": {"covered_lines": 2, "num_statements": 2, "percent_covered": 100.0, "percent_covered_display": "100", "missing_lines": 0, "excluded_lines": 0}, "missing_lines": [], "excluded_lines": []}, "_summarize_signals._humanize": {"executed_lines": [34, 35], "summary": {"covered_lines": 2, "num_statements": 2, "percent_covered": 100.0, "percent_covered_display": "100", "missing_lines": 0, "excluded_lines": 0}, "missing_lines": [], "excluded_lines": []}, "_summarize_signals._classify": {"executed_lines": [38, 39, 41, 43, 44, 45], "summary": {"covered_lines": 6, "num_statements": 8, "percent_covered": 75.0, "percent_covered_display": "75", "missing_lines": 2, "excluded_lines": 0}, "missing_lines": [40, 42], "excluded_lines": []}, "_summarize_signals._coerce_scalar": {"executed_lines": [48, 50, 51], "summary": {"covered_lines": 3, "num_statements": 15, "percent_covered": 20.0, "percent_covered_display": "20", "missing_lines": 12, "excluded_lines": 0}, "missing_lines": [49, 52, 53, 54, 55, 56, 57, 58, 59, 60, 61, 62], "excluded_lines": []}, "_summarize_signals._score_from_mapping": {"executed_lines": [65, 66, 67, 68, 69], "summary": {"covered_lines": 5, "num_statements": 6, "percent_covered": 83.33333333333333, "percent_covered_display": "83", "missing_lines": 1, "excluded_lines": 0}, "missing_lines": [70], "excluded_lines": []}, "_summarize_signals._add": {"executed_lines": [73, 75, 76, 77], "summary": {"covered_lines": 4, "num_statements": 5, "percent_covered": 80.0, "percent_covered_display": "80", "missing_lines": 1, "excluded_lines": 0}, "missing_lines": [74], "excluded_lines": []}, "_summarize_signals._process": {"executed_lines": [82, 85, 87, 88, 89, 90, 91, 92, 93, 94, 95, 96, 97, 98, 99, 100, 101, 102, 104, 106, 113, 114, 115, 116, 117, 118, 119, 121, 122, 124, 129, 130, 131, 133, 134, 137, 139, 140, 141, 142, 143, 144, 160], "summary": {"covered_lines": 43, "num_statements": 80, "percent_covered": 53.75, "percent_covered_display": "54", "missing_lines": 37, "excluded_lines": 0}, "missing_lines": [83, 103, 105, 107, 109, 110, 111, 112, 120, 125, 126, 127, 132, 136, 145, 146, 147, 148, 149, 150, 152, 154, 155, 156, 157, 159, 162, 163, 164, 165, 167, 168, 169, 170, 171, 172, 174], "excluded_lines": []}, "build_rationale": {"executed_lines": [186, 187, 194, 195, 197], "summary": {"covered_lines": 5, "num_statements": 6, "percent_covered": 83.33333333333333, "percent_covered_display": "83", "missing_lines": 1, "excluded_lines": 0}, "missing_lines": [196], "excluded_lines": []}, "_rationale_template": {"executed_lines": [202, 203, 204], "summary": {"covered_lines": 3, "num_statements": 3, "percent_covered": 100.0, "percent_covered_display": "100", "missing_lines": 0, "excluded_lines": 0}, "missing_lines": [], "excluded_lines": []}, "_render_rationale": {"executed_lines": [208], "summary": {"covered_lines": 1, "num_statements": 1, "percent_covered": 100.0, "percent_covered_display": "100", "missing_lines": 0, "excluded_lines": 0}, "missing_lines": [], "excluded_lines": []}, "_soften_rationale": {"executed_lines": [], "summary": {"covered_lines": 0, "num_statements": 8, "percent_covered": 0.0, "percent_covered_display": "0", "missing_lines": 8, "excluded_lines": 0}, "missing_lines": [212, 219, 220, 230, 231, 232, 233, 234], "excluded_lines": []}, "": {"executed_lines": [1, 2, 3, 4, 6, 7, 9, 11, 13, 14, 15, 16, 17, 18, 21, 185, 200, 201, 207, 211], "summary": {"covered_lines": 20, "num_statements": 20, "percent_covered": 100.0, "percent_covered_display": "100", "missing_lines": 0, "excluded_lines": 0}, "missing_lines": [], "excluded_lines": []}}, "classes": {"": {"executed_lines": [1, 2, 3, 4, 6, 7, 9, 11, 13, 14, 15, 16, 17, 18, 21, 22, 25, 26, 27, 29, 30, 31, 33, 34, 35, 37, 38, 39, 41, 43, 44, 45, 47, 48, 50, 51, 64, 65, 66, 67, 68, 69, 72, 73, 75, 76, 77, 79, 81, 82, 85, 87, 88, 89, 90, 91, 92, 93, 94, 95, 96, 97, 98, 99, 100, 101, 102, 104, 106, 113, 114, 115, 116, 117, 118, 119, 121, 122, 124, 129, 130, 131, 133, 134, 137, 139, 140, 141, 142, 143, 144, 160, 176, 177, 179, 180, 181, 183, 185, 186, 187, 194, 195, 197, 200, 201, 202, 203, 204, 207, 208, 211], "summary": {"covered_lines": 112, "num_statements": 175, "percent_covered": 64.0, "percent_covered_display": "64", "missing_lines": 63, "excluded_lines": 0}, "missing_lines": [23, 40, 42, 49, 52, 53, 54, 55, 56, 57, 58, 59, 60, 61, 62, 70, 74, 83, 103, 105, 107, 109, 110, 111, 112, 120, 125, 126, 127, 132, 136, 145, 146, 147, 148, 149, 150, 152, 154, 155, 156, 157, 159, 162, 163, 164, 165, 167, 168, 169, 170, 171, 172, 174, 196, 212, 219, 220, 230, 231, 232, 233, 234], "excluded_lines": []}}}, "src/jd_fit_evaluator/scoring/rationale_llm.py": {"executed_lines": [1, 3, 4, 5, 9], "summary": {"covered_lines": 5, "num_statements": 5, "percent_covered": 100.0, "percent_covered_display": "100", "missing_lines": 0, "excluded_lines": 0}, "missing_lines": [], "excluded_lines": [], "functions": {"generate_rationale": {"executed_lines": [4, 5, 9], "summary": {"covered_lines": 3, "num_statements": 3, "percent_covered": 100.0, "percent_covered_display": "100", "missing_lines": 0, "excluded_lines": 0}, "missing_lines": [], "excluded_lines": []}, "": {"executed_lines": [1, 3], "summary": {"covered_lines": 2, "num_statements": 2, "percent_covered": 100.0, "percent_covered_display": "100", "missing_lines": 0, "excluded_lines": 0}, "missing_lines": [], "excluded_lines": []}}, "classes": {"": {"executed_lines": [1, 3, 4, 5, 9], "summary": {"covered_lines": 5, "num_statements": 5, "percent_covered": 100.0, "percent_covered_display": "100", "missing_lines": 0, "excluded_lines": 0}, "missing_lines": [], "excluded_lines": []}}}, "src/jd_fit_evaluator/scoring/tenure.py": {"executed_lines": [1, 2, 5, 6, 9, 10, 11, 13, 14, 15, 17, 18, 21, 22, 24, 25, 27, 28, 29, 30, 31, 33, 34, 39, 40, 42, 43], "summary": {"covered_lines": 27, "num_statements": 31, "percent_covered": 87.09677419354838, "percent_covered_display": "87", "missing_lines": 4, "excluded_lines": 0}, "missing_lines": [19, 35, 36, 37], "excluded_lines": [], "functions": {"_first_of_month": {"executed_lines": [6], "summary": {"covered_lines": 1, "num_statements": 1, "percent_covered": 100.0, "percent_covered_display": "100", "missing_lines": 0, "excluded_lines": 0}, "missing_lines": [], "excluded_lines": []}, "months_between": {"executed_lines": [10, 11, 13, 14, 15], "summary": {"covered_lines": 5, "num_statements": 5, "percent_covered": 100.0, "percent_covered_display": "100", "missing_lines": 0, "excluded_lines": 0}, "missing_lines": [], "excluded_lines": []}, "union_intervals": {"executed_lines": [18, 21, 22, 24, 25, 27, 28, 29, 30, 31, 33, 34, 39, 40, 42, 43], "summary": {"covered_lines": 16, "num_statements": 20, "percent_covered": 80.0, "percent_covered_display": "80", "missing_lines": 4, "excluded_lines": 0}, "missing_lines": [19, 35, 36, 37], "excluded_lines": []}, "": {"executed_lines": [1, 2, 5, 9, 17], "summary": {"covered_lines": 5, "num_statements": 5, "percent_covered": 100.0, "percent_covered_display": "100", "missing_lines": 0, "excluded_lines": 0}, "missing_lines": [], "excluded_lines": []}}, "classes": {"": {"executed_lines": [1, 2, 5, 6, 9, 10, 11, 13, 14, 15, 17, 18, 21, 22, 24, 25, 27, 28, 29, 30, 31, 33, 34, 39, 40, 42, 43], "summary": {"covered_lines": 27, "num_statements": 31, "percent_covered": 87.09677419354838, "percent_covered_display": "87", "missing_lines": 4, "excluded_lines": 0}, "missing_lines": [19, 35, 36, 37], "excluded_lines": []}}}, "src/jd_fit_evaluator/scoring/weights.py": {"executed_lines": [1], "summary": {"covered_lines": 1, "num_statements": 1, "percent_covered": 100.0, "percent_covered_display": "100", "missing_lines": 0, "excluded_lines": 0}, "missing_lines": [], "excluded_lines": [], "functions": {"": {"executed_lines": [1], "summary": {"covered_lines": 1, "num_statements": 1, "percent_covered": 100.0, "percent_covered_display": "100", "missing_lines": 0, "excluded_lines": 0}, "missing_lines": [], "excluded_lines": []}}, "classes": {"": {"executed_lines": [1], "summary": {"covered_lines": 1, "num_statements": 1, "percent_covered": 100.0, "percent_covered_display": "100", "missing_lines": 0, "excluded_lines": 0}, "missing_lines": [], "excluded_lines": []}}}, "src/jd_fit_evaluator/training/__init__.py": {"executed_lines": [1], "summary": {"covered_lines": 0, "num_statements": 0, "percent_covered": 100.0, "percent_covered_display": "100", "missing_lines": 0, "excluded_lines": 0}, "missing_lines": [], "excluded_lines": [], "functions": {"": {"executed_lines": [1], "summary": {"covered_lines": 0, "num_statements": 0, "percent_covered": 100.0, "percent_covered_display": "100", "missing_lines": 0, "excluded_lines": 0}, "missing_lines": [], "excluded_lines": []}}, "classes": {"": {"executed_lines": [1], "summary": {"covered_lines": 0, "num_statements": 0, "percent_covered": 100.0, "percent_covered_display": "100", "missing_lines": 0, "excluded_lines": 0}, "missing_lines": [], "excluded_lines": []}}}, "src/jd_fit_evaluator/training/train.py": {"executed_lines": [2, 3, 4, 6, 7, 9, 12, 13, 14, 15, 16, 17, 18, 19, 22, 23, 26, 27, 28, 29, 30, 31, 32, 33, 34, 35, 36, 39, 45, 46, 47, 50, 52, 53, 57, 61, 62, 63, 71, 73, 80, 81, 88, 89, 90, 91, 92, 99, 101, 102, 103, 104, 106, 107, 108, 110, 116, 117, 119, 120, 121, 122, 123], "summary": {"covered_lines": 63, "num_statements": 79, "percent_covered": 79.74683544303798, "percent_covered_display": "80", "missing_lines": 16, "excluded_lines": 0}, "missing_lines": [51, 55, 58, 59, 64, 65, 69, 74, 78, 82, 86, 94, 97, 105, 111, 114], "excluded_lines": [], "functions": {"_normalize_join_columns": {"executed_lines": [13, 14, 15, 16, 17, 18, 19], "summary": {"covered_lines": 7, "num_statements": 7, "percent_covered": 100.0, "percent_covered_display": "100", "missing_lines": 0, "excluded_lines": 0}, "missing_lines": [], "excluded_lines": []}, "_sigmoid": {"executed_lines": [23], "summary": {"covered_lines": 1, "num_statements": 1, "percent_covered": 100.0, "percent_covered_display": "100", "missing_lines": 0, "excluded_lines": 0}, "missing_lines": [], "excluded_lines": []}, "_fit_logistic_np": {"executed_lines": [27, 28, 29, 30, 31, 32, 33, 34, 35, 36], "summary": {"covered_lines": 10, "num_statements": 10, "percent_covered": 100.0, "percent_covered_display": "100", "missing_lines": 0, "excluded_lines": 0}, "missing_lines": [], "excluded_lines": []}, "train": {"executed_lines": [45, 46, 47, 50, 52, 53, 57, 61, 62, 63, 71, 73, 80, 81, 88, 89, 90, 91, 92, 99, 101, 102, 103, 104, 106, 107, 108, 110, 116, 117, 119, 120, 121, 122, 123], "summary": {"covered_lines": 35, "num_statements": 51, "percent_covered": 68.62745098039215, "percent_covered_display": "69", "missing_lines": 16, "excluded_lines": 0}, "missing_lines": [51, 55, 58, 59, 64, 65, 69, 74, 78, 82, 86, 94, 97, 105, 111, 114], "excluded_lines": []}, "": {"executed_lines": [2, 3, 4, 6, 7, 9, 12, 22, 26, 39], "summary": {"covered_lines": 10, "num_statements": 10, "percent_covered": 100.0, "percent_covered_display": "100", "missing_lines": 0, "excluded_lines": 0}, "missing_lines": [], "excluded_lines": []}}, "classes": {"": {"executed_lines": [2, 3, 4, 6, 7, 9, 12, 13, 14, 15, 16, 17, 18, 19, 22, 23, 26, 27, 28, 29, 30, 31, 32, 33, 34, 35, 36, 39, 45, 46, 47, 50, 52, 53, 57, 61, 62, 63, 71, 73, 80, 81, 88, 89, 90, 91, 92, 99, 101, 102, 103, 104, 106, 107, 108, 110, 116, 117, 119, 120, 121, 122, 123], "summary": {"covered_lines": 63, "num_statements": 79, "percent_covered": 79.74683544303798, "percent_covered_display": "80", "missing_lines": 16, "excluded_lines": 0}, "missing_lines": [51, 55, 58, 59, 64, 65, 69, 74, 78, 82, 86, 94, 97, 105, 111, 114], "excluded_lines": []}}}, "src/jd_fit_evaluator/utils/__init__.py": {"executed_lines": [1, 2, 4], "summary": {"covered_lines": 3, "num_statements": 3, "percent_covered": 100.0, "percent_covered_display": "100", "missing_lines": 0, "excluded_lines": 0}, "missing_lines": [], "excluded_lines": [], "functions": {"": {"executed_lines": [1, 2, 4], "summary": {"covered_lines": 3, "num_statements": 3, "percent_covered": 100.0, "percent_covered_display": "100", "missing_lines": 0, "excluded_lines": 0}, "missing_lines": [], "excluded_lines": []}}, "classes": {"": {"executed_lines": [1, 2, 4], "summary": {"covered_lines": 3, "num_statements": 3, "percent_covered": 100.0, "percent_covered_display": "100", "missing_lines": 0, "excluded_lines": 0}, "missing_lines": [], "excluded_lines": []}}}, "src/jd_fit_evaluator/utils/errors.py": {"executed_lines": [1, 2, 3], "summary": {"covered_lines": 3, "num_statements": 3, "percent_covered": 100.0, "percent_covered_display": "100", "missing_lines": 0, "excluded_lines": 0}, "missing_lines": [], "excluded_lines": [], "functions": {"": {"executed_lines": [1, 2, 3], "summary": {"covered_lines": 3, "num_statements": 3, "percent_covered": 100.0, "percent_covered_display": "100", "missing_lines": 0, "excluded_lines": 0}, "missing_lines": [], "excluded_lines": []}}, "classes": {"UserInputError": {"executed_lines": [], "summary": {"covered_lines": 0, "num_statements": 0, "percent_covered": 100.0, "percent_covered_display": "100", "missing_lines": 0, "excluded_lines": 0}, "missing_lines": [], "excluded_lines": []}, "ConfigError": {"executed_lines": [], "summary": {"covered_lines": 0, "num_statements": 0, "percent_covered": 100.0, "percent_covered_display": "100", "missing_lines": 0, "excluded_lines": 0}, "missing_lines": [], "excluded_lines": []}, "SchemaError": {"executed_lines": [], "summary": {"covered_lines": 0, "num_statements": 0, "percent_covered": 100.0, "percent_covered_display": "100", "missing_lines": 0, "excluded_lines": 0}, "missing_lines": [], "excluded_lines": []}, "": {"executed_lines": [1, 2, 3], "summary": {"covered_lines": 3, "num_statements": 3, "percent_covered": 100.0, "percent_covered_display": "100", "missing_lines": 0, "excluded_lines": 0}, "missing_lines": [], "excluded_lines": []}}}, "src/jd_fit_evaluator/utils/schema.py": {"executed_lines": [1, 2, 3, 4, 6, 7, 8, 9, 10, 12, 13, 14, 15, 17, 18, 19, 21, 22, 23, 24, 26, 27, 32, 33, 34, 35, 36, 39, 40, 43, 49, 50, 52, 54, 55, 57, 58, 59, 60, 63, 64, 65, 66, 67, 68, 70, 71, 72, 73, 77, 78, 79], "summary": {"covered_lines": 52, "num_statements": 53, "percent_covered": 98.11320754716981, "percent_covered_display": "98", "missing_lines": 1, "excluded_lines": 0}, "missing_lines": [37], "excluded_lines": [], "functions": {"legacy_to_canonical": {"executed_lines": [27], "summary": {"covered_lines": 1, "num_statements": 1, "percent_covered": 100.0, "percent_covered_display": "100", "missing_lines": 0, "excluded_lines": 0}, "missing_lines": [], "excluded_lines": []}, "coerce_to_canonical": {"executed_lines": [33, 34, 35, 36], "summary": {"covered_lines": 4, "num_statements": 5, "percent_covered": 80.0, "percent_covered_display": "80", "missing_lines": 1, "excluded_lines": 0}, "missing_lines": [37], "excluded_lines": []}, "write_scores": {"executed_lines": [40, 43, 49, 50, 52, 54, 55, 57, 58, 59, 60, 63, 64, 65, 66, 67, 68, 70, 71, 72, 73, 77, 78, 79], "summary": {"covered_lines": 24, "num_statements": 24, "percent_covered": 100.0, "percent_covered_display": "100", "missing_lines": 0, "excluded_lines": 0}, "missing_lines": [], "excluded_lines": []}, "": {"executed_lines": [1, 2, 3, 4, 6, 7, 8, 9, 10, 12, 13, 14, 15, 17, 18, 19, 21, 22, 23, 24, 26, 32, 39], "summary": {"covered_lines": 23, "num_statements": 23, "percent_covered": 100.0, "percent_covered_display": "100", "missing_lines": 0, "excluded_lines": 0}, "missing_lines": [], "excluded_lines": []}}, "classes": {"CanonicalResult": {"executed_lines": [], "summary": {"covered_lines": 0, "num_statements": 0, "percent_covered": 100.0, "percent_covered_display": "100", "missing_lines": 0, "excluded_lines": 0}, "missing_lines": [], "excluded_lines": []}, "CanonicalScore": {"executed_lines": [], "summary": {"covered_lines": 0, "num_statements": 0, "percent_covered": 100.0, "percent_covered_display": "100", "missing_lines": 0, "excluded_lines": 0}, "missing_lines": [], "excluded_lines": []}, "LegacyScore": {"executed_lines": [], "summary": {"covered_lines": 0, "num_statements": 0, "percent_covered": 100.0, "percent_covered_display": "100", "missing_lines": 0, "excluded_lines": 0}, "missing_lines": [], "excluded_lines": []}, "": {"executed_lines": [1, 2, 3, 4, 6, 7, 8, 9, 10, 12, 13, 14, 15, 17, 18, 19, 21, 22, 23, 24, 26, 27, 32, 33, 34, 35, 36, 39, 40, 43, 49, 50, 52, 54, 55, 57, 58, 59, 60, 63, 64, 65, 66, 67, 68, 70, 71, 72, 73, 77, 78, 79], "summary": {"covered_lines": 52, "num_statements": 53, "percent_covered": 98.11320754716981, "percent_covered_display": "98", "missing_lines": 1, "excluded_lines": 0}, "missing_lines": [37], "excluded_lines": []}}}, "src/jd_fit_evaluator/utils/schema_migrate.py": {"executed_lines": [1, 2, 3, 5, 6, 7, 8, 10], "summary": {"covered_lines": 8, "num_statements": 9, "percent_covered": 88.88888888888889, "percent_covered_display": "89", "missing_lines": 1, "excluded_lines": 0}, "missing_lines": [11], "excluded_lines": [], "functions": {"main": {"executed_lines": [6, 7, 8], "summary": {"covered_lines": 3, "num_statements": 3, "percent_covered": 100.0, "percent_covered_display": "100", "missing_lines": 0, "excluded_lines": 0}, "missing_lines": [], "excluded_lines": []}, "": {"executed_lines": [1, 2, 3, 5, 10], "summary": {"covered_lines": 5, "num_statements": 6, "percent_covered": 83.33333333333333, "percent_covered_display": "83", "missing_lines": 1, "excluded_lines": 0}, "missing_lines": [11], "excluded_lines": []}}, "classes": {"": {"executed_lines": [1, 2, 3, 5, 6, 7, 8, 10], "summary": {"covered_lines": 8, "num_statements": 9, "percent_covered": 88.88888888888889, "percent_covered_display": "89", "missing_lines": 1, "excluded_lines": 0}, "missing_lines": [11], "excluded_lines": []}}}}, "totals": {"covered_lines": 1071, "num_statements": 1790, "percent_covered": 59.832402234636874, "percent_covered_display": "60", "missing_lines": 719, "excluded_lines": 0}}